Command line invocation:
    /Applications/Xcode.app/Contents/Developer/usr/bin/xcodebuild -project PantryPal.xcodeproj -scheme PantryPal -destination id=12F01F55-2F73-4DBF-96F0-BE5B2B347E82 clean build

2026-01-01 18:44:21.577 xcodebuild[56612:30552992] [MT] IDERunDestination: Supported platforms for the buildables in the current scheme is empty.
--- xcodebuild: WARNING: Using the first of multiple matching destinations:
{ platform:iOS Simulator, arch:arm64, id:12F01F55-2F73-4DBF-96F0-BE5B2B347E82, OS:18.6, name:iPhone 16 Plus }
{ platform:iOS Simulator, arch:x86_64, id:12F01F55-2F73-4DBF-96F0-BE5B2B347E82, OS:18.6, name:iPhone 16 Plus }
CreateBuildRequest

SendProjectDescription

CreateBuildOperation

** CLEAN SUCCEEDED **

--- xcodebuild: WARNING: Using the first of multiple matching destinations:
{ platform:iOS Simulator, arch:arm64, id:12F01F55-2F73-4DBF-96F0-BE5B2B347E82, OS:18.6, name:iPhone 16 Plus }
{ platform:iOS Simulator, arch:x86_64, id:12F01F55-2F73-4DBF-96F0-BE5B2B347E82, OS:18.6, name:iPhone 16 Plus }
ComputePackagePrebuildTargetDependencyGraph

Prepare packages

CreateBuildRequest

SendProjectDescription

CreateBuildOperation

ComputeTargetDependencyGraph
note: Building targets in dependency order
note: Target dependency graph (1 target)
    Target 'PantryPal' in project 'PantryPal' (no dependencies)

GatherProvisioningInputs

CreateBuildDescription

ExecuteExternalTool /Applications/Xcode.app/Contents/Developer/Toolchains/XcodeDefault.xctoolchain/usr/bin/clang -v -E -dM -isysroot /Applications/Xcode.app/Contents/Developer/Platforms/iPhoneSimulator.platform/Developer/SDKs/iPhoneSimulator26.2.sdk -x c -c /dev/null

ExecuteExternalTool /Applications/Xcode.app/Contents/Developer/usr/bin/actool --print-asset-tag-combinations --output-format xml1 /Users/subasically/Desktop/github/PantryPal/ios/PantryPal/Assets.xcassets

ExecuteExternalTool /Applications/Xcode.app/Contents/Developer/usr/bin/actool --version --output-format xml1

ExecuteExternalTool /Applications/Xcode.app/Contents/Developer/Toolchains/XcodeDefault.xctoolchain/usr/bin/swiftc --version

ExecuteExternalTool /Applications/Xcode.app/Contents/Developer/Toolchains/XcodeDefault.xctoolchain/usr/bin/ld -version_details

Build description signature: 603fef73d321e9e6930e96d1e6c206a6
Build description path: /Users/subasically/Library/Developer/Xcode/DerivedData/PantryPal-bkvgpckfjhmkmcegoocvpytbbamy/Build/Intermediates.noindex/XCBuildData/603fef73d321e9e6930e96d1e6c206a6.xcbuilddata
ClangStatCache /Applications/Xcode.app/Contents/Developer/Toolchains/XcodeDefault.xctoolchain/usr/bin/clang-stat-cache /Applications/Xcode.app/Contents/Developer/Platforms/iPhoneSimulator.platform/Developer/SDKs/iPhoneSimulator26.2.sdk /Users/subasically/Library/Developer/Xcode/DerivedData/SDKStatCaches.noindex/iphonesimulator26.2-23C53-7d00a8b37fbd7999ea79df8ebc024bf0.sdkstatcache
    cd /Users/subasically/Desktop/github/PantryPal/ios/PantryPal.xcodeproj
    /Applications/Xcode.app/Contents/Developer/Toolchains/XcodeDefault.xctoolchain/usr/bin/clang-stat-cache /Applications/Xcode.app/Contents/Developer/Platforms/iPhoneSimulator.platform/Developer/SDKs/iPhoneSimulator26.2.sdk -o /Users/subasically/Library/Developer/Xcode/DerivedData/SDKStatCaches.noindex/iphonesimulator26.2-23C53-7d00a8b37fbd7999ea79df8ebc024bf0.sdkstatcache

CreateBuildDirectory /Users/subasically/Library/Developer/Xcode/DerivedData/PantryPal-bkvgpckfjhmkmcegoocvpytbbamy/Build/Products
    cd /Users/subasically/Desktop/github/PantryPal/ios/PantryPal.xcodeproj
    builtin-create-build-directory /Users/subasically/Library/Developer/Xcode/DerivedData/PantryPal-bkvgpckfjhmkmcegoocvpytbbamy/Build/Products

CreateBuildDirectory /Users/subasically/Library/Developer/Xcode/DerivedData/PantryPal-bkvgpckfjhmkmcegoocvpytbbamy/Build/Intermediates.noindex
    cd /Users/subasically/Desktop/github/PantryPal/ios/PantryPal.xcodeproj
    builtin-create-build-directory /Users/subasically/Library/Developer/Xcode/DerivedData/PantryPal-bkvgpckfjhmkmcegoocvpytbbamy/Build/Intermediates.noindex

CreateBuildDirectory /Users/subasically/Library/Developer/Xcode/DerivedData/PantryPal-bkvgpckfjhmkmcegoocvpytbbamy/Build/Intermediates.noindex/SwiftExplicitPrecompiledModules
    cd /Users/subasically/Desktop/github/PantryPal/ios/PantryPal.xcodeproj
    builtin-create-build-directory /Users/subasically/Library/Developer/Xcode/DerivedData/PantryPal-bkvgpckfjhmkmcegoocvpytbbamy/Build/Intermediates.noindex/SwiftExplicitPrecompiledModules

CreateBuildDirectory /Users/subasically/Library/Developer/Xcode/DerivedData/PantryPal-bkvgpckfjhmkmcegoocvpytbbamy/Build/Intermediates.noindex/ExplicitPrecompiledModules
    cd /Users/subasically/Desktop/github/PantryPal/ios/PantryPal.xcodeproj
    builtin-create-build-directory /Users/subasically/Library/Developer/Xcode/DerivedData/PantryPal-bkvgpckfjhmkmcegoocvpytbbamy/Build/Intermediates.noindex/ExplicitPrecompiledModules

WriteAuxiliaryFile /Users/subasically/Library/Developer/Xcode/DerivedData/PantryPal-bkvgpckfjhmkmcegoocvpytbbamy/Build/Intermediates.noindex/PantryPal.build/Debug-iphonesimulator/PantryPal-b9d7dcf187cc8c67e390d190c5693508-VFS-iphonesimulator/all-product-headers.yaml
    cd /Users/subasically/Desktop/github/PantryPal/ios/PantryPal.xcodeproj
    write-file /Users/subasically/Library/Developer/Xcode/DerivedData/PantryPal-bkvgpckfjhmkmcegoocvpytbbamy/Build/Intermediates.noindex/PantryPal.build/Debug-iphonesimulator/PantryPal-b9d7dcf187cc8c67e390d190c5693508-VFS-iphonesimulator/all-product-headers.yaml

CreateBuildDirectory /Users/subasically/Library/Developer/Xcode/DerivedData/PantryPal-bkvgpckfjhmkmcegoocvpytbbamy/Build/Products/Debug-iphonesimulator
    cd /Users/subasically/Desktop/github/PantryPal/ios/PantryPal.xcodeproj
    builtin-create-build-directory /Users/subasically/Library/Developer/Xcode/DerivedData/PantryPal-bkvgpckfjhmkmcegoocvpytbbamy/Build/Products/Debug-iphonesimulator

CreateBuildDirectory /Users/subasically/Library/Developer/Xcode/DerivedData/PantryPal-bkvgpckfjhmkmcegoocvpytbbamy/Build/Intermediates.noindex/EagerLinkingTBDs/Debug-iphonesimulator
    cd /Users/subasically/Desktop/github/PantryPal/ios/PantryPal.xcodeproj
    builtin-create-build-directory /Users/subasically/Library/Developer/Xcode/DerivedData/PantryPal-bkvgpckfjhmkmcegoocvpytbbamy/Build/Intermediates.noindex/EagerLinkingTBDs/Debug-iphonesimulator

WriteAuxiliaryFile /Users/subasically/Library/Developer/Xcode/DerivedData/PantryPal-bkvgpckfjhmkmcegoocvpytbbamy/Build/Intermediates.noindex/PantryPal.build/Debug-iphonesimulator/PantryPal.build/PantryPal.hmap (in target 'PantryPal' from project 'PantryPal')
    cd /Users/subasically/Desktop/github/PantryPal/ios
    write-file /Users/subasically/Library/Developer/Xcode/DerivedData/PantryPal-bkvgpckfjhmkmcegoocvpytbbamy/Build/Intermediates.noindex/PantryPal.build/Debug-iphonesimulator/PantryPal.build/PantryPal.hmap

WriteAuxiliaryFile /Users/subasically/Library/Developer/Xcode/DerivedData/PantryPal-bkvgpckfjhmkmcegoocvpytbbamy/Build/Intermediates.noindex/PantryPal.build/Debug-iphonesimulator/PantryPal.build/PantryPal.DependencyMetadataFileList (in target 'PantryPal' from project 'PantryPal')
    cd /Users/subasically/Desktop/github/PantryPal/ios
    write-file /Users/subasically/Library/Developer/Xcode/DerivedData/PantryPal-bkvgpckfjhmkmcegoocvpytbbamy/Build/Intermediates.noindex/PantryPal.build/Debug-iphonesimulator/PantryPal.build/PantryPal.DependencyMetadataFileList

WriteAuxiliaryFile /Users/subasically/Library/Developer/Xcode/DerivedData/PantryPal-bkvgpckfjhmkmcegoocvpytbbamy/Build/Intermediates.noindex/PantryPal.build/Debug-iphonesimulator/PantryPal.build/PantryPal.DependencyStaticMetadataFileList (in target 'PantryPal' from project 'PantryPal')
    cd /Users/subasically/Desktop/github/PantryPal/ios
    write-file /Users/subasically/Library/Developer/Xcode/DerivedData/PantryPal-bkvgpckfjhmkmcegoocvpytbbamy/Build/Intermediates.noindex/PantryPal.build/Debug-iphonesimulator/PantryPal.build/PantryPal.DependencyStaticMetadataFileList

WriteAuxiliaryFile /Users/subasically/Library/Developer/Xcode/DerivedData/PantryPal-bkvgpckfjhmkmcegoocvpytbbamy/Build/Intermediates.noindex/PantryPal.build/Debug-iphonesimulator/PantryPal.build/PantryPal-project-headers.hmap (in target 'PantryPal' from project 'PantryPal')
    cd /Users/subasically/Desktop/github/PantryPal/ios
    write-file /Users/subasically/Library/Developer/Xcode/DerivedData/PantryPal-bkvgpckfjhmkmcegoocvpytbbamy/Build/Intermediates.noindex/PantryPal.build/Debug-iphonesimulator/PantryPal.build/PantryPal-project-headers.hmap

WriteAuxiliaryFile /Users/subasically/Library/Developer/Xcode/DerivedData/PantryPal-bkvgpckfjhmkmcegoocvpytbbamy/Build/Intermediates.noindex/PantryPal.build/Debug-iphonesimulator/PantryPal.build/PantryPal-own-target-headers.hmap (in target 'PantryPal' from project 'PantryPal')
    cd /Users/subasically/Desktop/github/PantryPal/ios
    write-file /Users/subasically/Library/Developer/Xcode/DerivedData/PantryPal-bkvgpckfjhmkmcegoocvpytbbamy/Build/Intermediates.noindex/PantryPal.build/Debug-iphonesimulator/PantryPal.build/PantryPal-own-target-headers.hmap

WriteAuxiliaryFile /Users/subasically/Library/Developer/Xcode/DerivedData/PantryPal-bkvgpckfjhmkmcegoocvpytbbamy/Build/Intermediates.noindex/PantryPal.build/Debug-iphonesimulator/PantryPal.build/PantryPal-generated-files.hmap (in target 'PantryPal' from project 'PantryPal')
    cd /Users/subasically/Desktop/github/PantryPal/ios
    write-file /Users/subasically/Library/Developer/Xcode/DerivedData/PantryPal-bkvgpckfjhmkmcegoocvpytbbamy/Build/Intermediates.noindex/PantryPal.build/Debug-iphonesimulator/PantryPal.build/PantryPal-generated-files.hmap

WriteAuxiliaryFile /Users/subasically/Library/Developer/Xcode/DerivedData/PantryPal-bkvgpckfjhmkmcegoocvpytbbamy/Build/Intermediates.noindex/PantryPal.build/Debug-iphonesimulator/PantryPal.build/PantryPal-all-target-headers.hmap (in target 'PantryPal' from project 'PantryPal')
    cd /Users/subasically/Desktop/github/PantryPal/ios
    write-file /Users/subasically/Library/Developer/Xcode/DerivedData/PantryPal-bkvgpckfjhmkmcegoocvpytbbamy/Build/Intermediates.noindex/PantryPal.build/Debug-iphonesimulator/PantryPal.build/PantryPal-all-target-headers.hmap

WriteAuxiliaryFile /Users/subasically/Library/Developer/Xcode/DerivedData/PantryPal-bkvgpckfjhmkmcegoocvpytbbamy/Build/Intermediates.noindex/PantryPal.build/Debug-iphonesimulator/PantryPal.build/PantryPal-all-non-framework-target-headers.hmap (in target 'PantryPal' from project 'PantryPal')
    cd /Users/subasically/Desktop/github/PantryPal/ios
    write-file /Users/subasically/Library/Developer/Xcode/DerivedData/PantryPal-bkvgpckfjhmkmcegoocvpytbbamy/Build/Intermediates.noindex/PantryPal.build/Debug-iphonesimulator/PantryPal.build/PantryPal-all-non-framework-target-headers.hmap

WriteAuxiliaryFile /Users/subasically/Library/Developer/Xcode/DerivedData/PantryPal-bkvgpckfjhmkmcegoocvpytbbamy/Build/Intermediates.noindex/PantryPal.build/Debug-iphonesimulator/PantryPal.build/PantryPal-DebugDylibPath-normal-arm64.txt (in target 'PantryPal' from project 'PantryPal')
    cd /Users/subasically/Desktop/github/PantryPal/ios
    write-file /Users/subasically/Library/Developer/Xcode/DerivedData/PantryPal-bkvgpckfjhmkmcegoocvpytbbamy/Build/Intermediates.noindex/PantryPal.build/Debug-iphonesimulator/PantryPal.build/PantryPal-DebugDylibPath-normal-arm64.txt

WriteAuxiliaryFile /Users/subasically/Library/Developer/Xcode/DerivedData/PantryPal-bkvgpckfjhmkmcegoocvpytbbamy/Build/Intermediates.noindex/PantryPal.build/Debug-iphonesimulator/PantryPal.build/PantryPal-DebugDylibInstallName-normal-arm64.txt (in target 'PantryPal' from project 'PantryPal')
    cd /Users/subasically/Desktop/github/PantryPal/ios
    write-file /Users/subasically/Library/Developer/Xcode/DerivedData/PantryPal-bkvgpckfjhmkmcegoocvpytbbamy/Build/Intermediates.noindex/PantryPal.build/Debug-iphonesimulator/PantryPal.build/PantryPal-DebugDylibInstallName-normal-arm64.txt

WriteAuxiliaryFile /Users/subasically/Library/Developer/Xcode/DerivedData/PantryPal-bkvgpckfjhmkmcegoocvpytbbamy/Build/Intermediates.noindex/PantryPal.build/Debug-iphonesimulator/PantryPal.build/Objects-normal/arm64/PantryPal_const_extract_protocols.json (in target 'PantryPal' from project 'PantryPal')
    cd /Users/subasically/Desktop/github/PantryPal/ios
    write-file /Users/subasically/Library/Developer/Xcode/DerivedData/PantryPal-bkvgpckfjhmkmcegoocvpytbbamy/Build/Intermediates.noindex/PantryPal.build/Debug-iphonesimulator/PantryPal.build/Objects-normal/arm64/PantryPal_const_extract_protocols.json

WriteAuxiliaryFile /Users/subasically/Library/Developer/Xcode/DerivedData/PantryPal-bkvgpckfjhmkmcegoocvpytbbamy/Build/Intermediates.noindex/PantryPal.build/Debug-iphonesimulator/PantryPal.build/Objects-normal/arm64/PantryPal.SwiftConstValuesFileList (in target 'PantryPal' from project 'PantryPal')
    cd /Users/subasically/Desktop/github/PantryPal/ios
    write-file /Users/subasically/Library/Developer/Xcode/DerivedData/PantryPal-bkvgpckfjhmkmcegoocvpytbbamy/Build/Intermediates.noindex/PantryPal.build/Debug-iphonesimulator/PantryPal.build/Objects-normal/arm64/PantryPal.SwiftConstValuesFileList

WriteAuxiliaryFile /Users/subasically/Library/Developer/Xcode/DerivedData/PantryPal-bkvgpckfjhmkmcegoocvpytbbamy/Build/Intermediates.noindex/PantryPal.build/Debug-iphonesimulator/PantryPal.build/Objects-normal/arm64/PantryPal.SwiftFileList (in target 'PantryPal' from project 'PantryPal')
    cd /Users/subasically/Desktop/github/PantryPal/ios
    write-file /Users/subasically/Library/Developer/Xcode/DerivedData/PantryPal-bkvgpckfjhmkmcegoocvpytbbamy/Build/Intermediates.noindex/PantryPal.build/Debug-iphonesimulator/PantryPal.build/Objects-normal/arm64/PantryPal.SwiftFileList

WriteAuxiliaryFile /Users/subasically/Library/Developer/Xcode/DerivedData/PantryPal-bkvgpckfjhmkmcegoocvpytbbamy/Build/Intermediates.noindex/PantryPal.build/Debug-iphonesimulator/PantryPal.build/Objects-normal/arm64/PantryPal.LinkFileList (in target 'PantryPal' from project 'PantryPal')
    cd /Users/subasically/Desktop/github/PantryPal/ios
    write-file /Users/subasically/Library/Developer/Xcode/DerivedData/PantryPal-bkvgpckfjhmkmcegoocvpytbbamy/Build/Intermediates.noindex/PantryPal.build/Debug-iphonesimulator/PantryPal.build/Objects-normal/arm64/PantryPal.LinkFileList

WriteAuxiliaryFile /Users/subasically/Library/Developer/Xcode/DerivedData/PantryPal-bkvgpckfjhmkmcegoocvpytbbamy/Build/Intermediates.noindex/PantryPal.build/Debug-iphonesimulator/PantryPal.build/Objects-normal/arm64/PantryPal-OutputFileMap.json (in target 'PantryPal' from project 'PantryPal')
    cd /Users/subasically/Desktop/github/PantryPal/ios
    write-file /Users/subasically/Library/Developer/Xcode/DerivedData/PantryPal-bkvgpckfjhmkmcegoocvpytbbamy/Build/Intermediates.noindex/PantryPal.build/Debug-iphonesimulator/PantryPal.build/Objects-normal/arm64/PantryPal-OutputFileMap.json

WriteAuxiliaryFile /Users/subasically/Library/Developer/Xcode/DerivedData/PantryPal-bkvgpckfjhmkmcegoocvpytbbamy/Build/Intermediates.noindex/PantryPal.build/Debug-iphonesimulator/PantryPal.build/DerivedSources/Entitlements-Simulated.plist (in target 'PantryPal' from project 'PantryPal')
    cd /Users/subasically/Desktop/github/PantryPal/ios
    write-file /Users/subasically/Library/Developer/Xcode/DerivedData/PantryPal-bkvgpckfjhmkmcegoocvpytbbamy/Build/Intermediates.noindex/PantryPal.build/Debug-iphonesimulator/PantryPal.build/DerivedSources/Entitlements-Simulated.plist

MkDir /Users/subasically/Library/Developer/Xcode/DerivedData/PantryPal-bkvgpckfjhmkmcegoocvpytbbamy/Build/Products/Debug-iphonesimulator/PantryPal.app (in target 'PantryPal' from project 'PantryPal')
    cd /Users/subasically/Desktop/github/PantryPal/ios
    /bin/mkdir -p /Users/subasically/Library/Developer/Xcode/DerivedData/PantryPal-bkvgpckfjhmkmcegoocvpytbbamy/Build/Products/Debug-iphonesimulator/PantryPal.app

ProcessProductPackaging /Users/subasically/Desktop/github/PantryPal/ios/PantryPal/PantryPal.entitlements /Users/subasically/Library/Developer/Xcode/DerivedData/PantryPal-bkvgpckfjhmkmcegoocvpytbbamy/Build/Intermediates.noindex/PantryPal.build/Debug-iphonesimulator/PantryPal.build/PantryPal.app.xcent (in target 'PantryPal' from project 'PantryPal')
    cd /Users/subasically/Desktop/github/PantryPal/ios
    
    Entitlements:
    
    {
}
    
    builtin-productPackagingUtility /Users/subasically/Desktop/github/PantryPal/ios/PantryPal/PantryPal.entitlements -entitlements -format xml -o /Users/subasically/Library/Developer/Xcode/DerivedData/PantryPal-bkvgpckfjhmkmcegoocvpytbbamy/Build/Intermediates.noindex/PantryPal.build/Debug-iphonesimulator/PantryPal.build/PantryPal.app.xcent

ProcessProductPackaging /Users/subasically/Desktop/github/PantryPal/ios/PantryPal/PantryPal.entitlements /Users/subasically/Library/Developer/Xcode/DerivedData/PantryPal-bkvgpckfjhmkmcegoocvpytbbamy/Build/Intermediates.noindex/PantryPal.build/Debug-iphonesimulator/PantryPal.build/PantryPal.app-Simulated.xcent (in target 'PantryPal' from project 'PantryPal')
    cd /Users/subasically/Desktop/github/PantryPal/ios
    
    Entitlements:
    
    {
    "application-identifier" = "85PHMLU392.me.subasically.pantrypal";
    "com.apple.developer.applesignin" =     (
        Default
    );
}
    
    builtin-productPackagingUtility /Users/subasically/Desktop/github/PantryPal/ios/PantryPal/PantryPal.entitlements -entitlements -format xml -o /Users/subasically/Library/Developer/Xcode/DerivedData/PantryPal-bkvgpckfjhmkmcegoocvpytbbamy/Build/Intermediates.noindex/PantryPal.build/Debug-iphonesimulator/PantryPal.build/PantryPal.app-Simulated.xcent

ProcessProductPackagingDER /Users/subasically/Library/Developer/Xcode/DerivedData/PantryPal-bkvgpckfjhmkmcegoocvpytbbamy/Build/Intermediates.noindex/PantryPal.build/Debug-iphonesimulator/PantryPal.build/PantryPal.app.xcent /Users/subasically/Library/Developer/Xcode/DerivedData/PantryPal-bkvgpckfjhmkmcegoocvpytbbamy/Build/Intermediates.noindex/PantryPal.build/Debug-iphonesimulator/PantryPal.build/PantryPal.app.xcent.der (in target 'PantryPal' from project 'PantryPal')
    cd /Users/subasically/Desktop/github/PantryPal/ios
    /usr/bin/derq query -f xml -i /Users/subasically/Library/Developer/Xcode/DerivedData/PantryPal-bkvgpckfjhmkmcegoocvpytbbamy/Build/Intermediates.noindex/PantryPal.build/Debug-iphonesimulator/PantryPal.build/PantryPal.app.xcent -o /Users/subasically/Library/Developer/Xcode/DerivedData/PantryPal-bkvgpckfjhmkmcegoocvpytbbamy/Build/Intermediates.noindex/PantryPal.build/Debug-iphonesimulator/PantryPal.build/PantryPal.app.xcent.der --raw

ProcessProductPackagingDER /Users/subasically/Library/Developer/Xcode/DerivedData/PantryPal-bkvgpckfjhmkmcegoocvpytbbamy/Build/Intermediates.noindex/PantryPal.build/Debug-iphonesimulator/PantryPal.build/PantryPal.app-Simulated.xcent /Users/subasically/Library/Developer/Xcode/DerivedData/PantryPal-bkvgpckfjhmkmcegoocvpytbbamy/Build/Intermediates.noindex/PantryPal.build/Debug-iphonesimulator/PantryPal.build/PantryPal.app-Simulated.xcent.der (in target 'PantryPal' from project 'PantryPal')
    cd /Users/subasically/Desktop/github/PantryPal/ios
    /usr/bin/derq query -f xml -i /Users/subasically/Library/Developer/Xcode/DerivedData/PantryPal-bkvgpckfjhmkmcegoocvpytbbamy/Build/Intermediates.noindex/PantryPal.build/Debug-iphonesimulator/PantryPal.build/PantryPal.app-Simulated.xcent -o /Users/subasically/Library/Developer/Xcode/DerivedData/PantryPal-bkvgpckfjhmkmcegoocvpytbbamy/Build/Intermediates.noindex/PantryPal.build/Debug-iphonesimulator/PantryPal.build/PantryPal.app-Simulated.xcent.der --raw

Ld /Users/subasically/Library/Developer/Xcode/DerivedData/PantryPal-bkvgpckfjhmkmcegoocvpytbbamy/Build/Products/Debug-iphonesimulator/PantryPal.app/__preview.dylib normal (in target 'PantryPal' from project 'PantryPal')
    cd /Users/subasically/Desktop/github/PantryPal/ios
    /Applications/Xcode.app/Contents/Developer/Toolchains/XcodeDefault.xctoolchain/usr/bin/clang -Xlinker -reproducible -target arm64-apple-ios18.0-simulator -dynamiclib -isysroot /Applications/Xcode.app/Contents/Developer/Platforms/iPhoneSimulator.platform/Developer/SDKs/iPhoneSimulator26.2.sdk -O0 -L/Users/subasically/Library/Developer/Xcode/DerivedData/PantryPal-bkvgpckfjhmkmcegoocvpytbbamy/Build/Products/Debug-iphonesimulator -F/Users/subasically/Library/Developer/Xcode/DerivedData/PantryPal-bkvgpckfjhmkmcegoocvpytbbamy/Build/Products/Debug-iphonesimulator -install_name @rpath/PantryPal.debug.dylib -dead_strip -rdynamic -Xlinker -no_deduplicate -Xlinker -objc_abi_version -Xlinker 2 -Xlinker -debug_variant -Xlinker -dependency_info -Xlinker /Users/subasically/Library/Developer/Xcode/DerivedData/PantryPal-bkvgpckfjhmkmcegoocvpytbbamy/Build/Intermediates.noindex/PantryPal.build/Debug-iphonesimulator/PantryPal.build/Objects-normal/arm64/PantryPal_dependency_info.dat -Xlinker -sectcreate -Xlinker __TEXT -Xlinker __entitlements -Xlinker /Users/subasically/Library/Developer/Xcode/DerivedData/PantryPal-bkvgpckfjhmkmcegoocvpytbbamy/Build/Intermediates.noindex/PantryPal.build/Debug-iphonesimulator/PantryPal.build/PantryPal.app-Simulated.xcent -Xlinker -sectcreate -Xlinker __TEXT -Xlinker __ents_der -Xlinker /Users/subasically/Library/Developer/Xcode/DerivedData/PantryPal-bkvgpckfjhmkmcegoocvpytbbamy/Build/Intermediates.noindex/PantryPal.build/Debug-iphonesimulator/PantryPal.build/PantryPal.app-Simulated.xcent.der -Xlinker -no_adhoc_codesign -o /Users/subasically/Library/Developer/Xcode/DerivedData/PantryPal-bkvgpckfjhmkmcegoocvpytbbamy/Build/Products/Debug-iphonesimulator/PantryPal.app/__preview.dylib

MkDir /Users/subasically/Library/Developer/Xcode/DerivedData/PantryPal-bkvgpckfjhmkmcegoocvpytbbamy/Build/Intermediates.noindex/PantryPal.build/Debug-iphonesimulator/PantryPal.build/assetcatalog_output/unthinned (in target 'PantryPal' from project 'PantryPal')
    cd /Users/subasically/Desktop/github/PantryPal/ios
    /bin/mkdir -p /Users/subasically/Library/Developer/Xcode/DerivedData/PantryPal-bkvgpckfjhmkmcegoocvpytbbamy/Build/Intermediates.noindex/PantryPal.build/Debug-iphonesimulator/PantryPal.build/assetcatalog_output/unthinned

MkDir /Users/subasically/Library/Developer/Xcode/DerivedData/PantryPal-bkvgpckfjhmkmcegoocvpytbbamy/Build/Intermediates.noindex/PantryPal.build/Debug-iphonesimulator/PantryPal.build/assetcatalog_output/thinned (in target 'PantryPal' from project 'PantryPal')
    cd /Users/subasically/Desktop/github/PantryPal/ios
    /bin/mkdir -p /Users/subasically/Library/Developer/Xcode/DerivedData/PantryPal-bkvgpckfjhmkmcegoocvpytbbamy/Build/Intermediates.noindex/PantryPal.build/Debug-iphonesimulator/PantryPal.build/assetcatalog_output/thinned

GenerateAssetSymbols /Users/subasically/Desktop/github/PantryPal/ios/PantryPal/Assets.xcassets (in target 'PantryPal' from project 'PantryPal')
    cd /Users/subasically/Desktop/github/PantryPal/ios
    /Applications/Xcode.app/Contents/Developer/usr/bin/actool /Users/subasically/Desktop/github/PantryPal/ios/PantryPal/Assets.xcassets --compile /Users/subasically/Library/Developer/Xcode/DerivedData/PantryPal-bkvgpckfjhmkmcegoocvpytbbamy/Build/Products/Debug-iphonesimulator/PantryPal.app --output-format human-readable-text --notices --warnings --export-dependency-info /Users/subasically/Library/Developer/Xcode/DerivedData/PantryPal-bkvgpckfjhmkmcegoocvpytbbamy/Build/Intermediates.noindex/PantryPal.build/Debug-iphonesimulator/PantryPal.build/assetcatalog_dependencies --output-partial-info-plist /Users/subasically/Library/Developer/Xcode/DerivedData/PantryPal-bkvgpckfjhmkmcegoocvpytbbamy/Build/Intermediates.noindex/PantryPal.build/Debug-iphonesimulator/PantryPal.build/assetcatalog_generated_info.plist --app-icon AppIcon --accent-color AccentColor --compress-pngs --enable-on-demand-resources YES --development-region en --target-device iphone --target-device ipad --minimum-deployment-target 18.0 --platform iphonesimulator --bundle-identifier me.subasically.pantrypal --generate-swift-asset-symbols /Users/subasically/Library/Developer/Xcode/DerivedData/PantryPal-bkvgpckfjhmkmcegoocvpytbbamy/Build/Intermediates.noindex/PantryPal.build/Debug-iphonesimulator/PantryPal.build/DerivedSources/GeneratedAssetSymbols.swift --generate-objc-asset-symbols /Users/subasically/Library/Developer/Xcode/DerivedData/PantryPal-bkvgpckfjhmkmcegoocvpytbbamy/Build/Intermediates.noindex/PantryPal.build/Debug-iphonesimulator/PantryPal.build/DerivedSources/GeneratedAssetSymbols.h --generate-asset-symbol-index /Users/subasically/Library/Developer/Xcode/DerivedData/PantryPal-bkvgpckfjhmkmcegoocvpytbbamy/Build/Intermediates.noindex/PantryPal.build/Debug-iphonesimulator/PantryPal.build/DerivedSources/GeneratedAssetSymbols-Index.plist
/* com.apple.actool.compilation-results */
/Users/subasically/Library/Developer/Xcode/DerivedData/PantryPal-bkvgpckfjhmkmcegoocvpytbbamy/Build/Intermediates.noindex/PantryPal.build/Debug-iphonesimulator/PantryPal.build/DerivedSources/GeneratedAssetSymbols-Index.plist
/Users/subasically/Library/Developer/Xcode/DerivedData/PantryPal-bkvgpckfjhmkmcegoocvpytbbamy/Build/Intermediates.noindex/PantryPal.build/Debug-iphonesimulator/PantryPal.build/DerivedSources/GeneratedAssetSymbols.h
/Users/subasically/Library/Developer/Xcode/DerivedData/PantryPal-bkvgpckfjhmkmcegoocvpytbbamy/Build/Intermediates.noindex/PantryPal.build/Debug-iphonesimulator/PantryPal.build/DerivedSources/GeneratedAssetSymbols.swift


CpResource /Users/subasically/Library/Developer/Xcode/DerivedData/PantryPal-bkvgpckfjhmkmcegoocvpytbbamy/Build/Products/Debug-iphonesimulator/PantryPal.app/barcode-beep.mp3 /Users/subasically/Desktop/github/PantryPal/ios/PantryPal/barcode-beep.mp3 (in target 'PantryPal' from project 'PantryPal')
    cd /Users/subasically/Desktop/github/PantryPal/ios
    builtin-copy -exclude .DS_Store -exclude CVS -exclude .svn -exclude .git -exclude .hg -resolve-src-symlinks /Users/subasically/Desktop/github/PantryPal/ios/PantryPal/barcode-beep.mp3 /Users/subasically/Library/Developer/Xcode/DerivedData/PantryPal-bkvgpckfjhmkmcegoocvpytbbamy/Build/Products/Debug-iphonesimulator/PantryPal.app

CompileAssetCatalogVariant thinned /Users/subasically/Library/Developer/Xcode/DerivedData/PantryPal-bkvgpckfjhmkmcegoocvpytbbamy/Build/Products/Debug-iphonesimulator/PantryPal.app /Users/subasically/Desktop/github/PantryPal/ios/PantryPal/Assets.xcassets (in target 'PantryPal' from project 'PantryPal')
    cd /Users/subasically/Desktop/github/PantryPal/ios
    /Applications/Xcode.app/Contents/Developer/usr/bin/actool /Users/subasically/Desktop/github/PantryPal/ios/PantryPal/Assets.xcassets --compile /Users/subasically/Library/Developer/Xcode/DerivedData/PantryPal-bkvgpckfjhmkmcegoocvpytbbamy/Build/Intermediates.noindex/PantryPal.build/Debug-iphonesimulator/PantryPal.build/assetcatalog_output/thinned --output-format human-readable-text --notices --warnings --export-dependency-info /Users/subasically/Library/Developer/Xcode/DerivedData/PantryPal-bkvgpckfjhmkmcegoocvpytbbamy/Build/Intermediates.noindex/PantryPal.build/Debug-iphonesimulator/PantryPal.build/assetcatalog_dependencies_thinned --output-partial-info-plist /Users/subasically/Library/Developer/Xcode/DerivedData/PantryPal-bkvgpckfjhmkmcegoocvpytbbamy/Build/Intermediates.noindex/PantryPal.build/Debug-iphonesimulator/PantryPal.build/assetcatalog_generated_info.plist_thinned --app-icon AppIcon --accent-color AccentColor --compress-pngs --enable-on-demand-resources YES --filter-for-thinning-device-configuration iPhone17,4 --filter-for-device-os-version 18.6 --development-region en --target-device iphone --target-device ipad --minimum-deployment-target 18.0 --platform iphonesimulator
/* com.apple.actool.document.notices */
/Users/subasically/Desktop/github/PantryPal/ios/PantryPal/Assets.xcassets:./AppIcon.appiconset/[][iphone][57x57][][][1x][][][][]: notice: 57x57 app icons only apply to iPhone apps targeting releases of iOS prior to 7.0
/Users/subasically/Desktop/github/PantryPal/ios/PantryPal/Assets.xcassets:./AppIcon.appiconset/[][iphone][57x57][][][2x][][][][]: notice: 57x57@2x app icons only apply to iPhone apps targeting releases of iOS prior to 7.0
/Users/subasically/Desktop/github/PantryPal/ios/PantryPal/Assets.xcassets:./AppIcon.appiconset/[][ipad][50x50][][][1x][][][][]: notice: 50x50 iPad spotlight icons only apply to iPad apps targeting releases of iOS prior to 7.0
/Users/subasically/Desktop/github/PantryPal/ios/PantryPal/Assets.xcassets:./AppIcon.appiconset/[][ipad][50x50][][][2x][][][][]: notice: 50x50 iPad spotlight icons only apply to iPad apps targeting releases of iOS prior to 7.0
/Users/subasically/Desktop/github/PantryPal/ios/PantryPal/Assets.xcassets:./AppIcon.appiconset/[][ipad][72x72][][][1x][][][][]: notice: 72x72 app icons only apply to iPad apps targeting releases of iOS prior to 7.0
/Users/subasically/Desktop/github/PantryPal/ios/PantryPal/Assets.xcassets:./AppIcon.appiconset/[][ipad][72x72][][][2x][][][][]: notice: 72x72@2x app icons only apply to iPad apps targeting releases of iOS prior to 7.0
/Users/subasically/Desktop/github/PantryPal/ios/PantryPal/Assets.xcassets:./AppIcon.appiconset/[][ipad][76x76][][][1x][][][][]: notice: 76x76@1x app icons only apply to iPad apps targeting releases of iOS prior to 10.0.
/* com.apple.actool.compilation-results */
/Users/subasically/Library/Developer/Xcode/DerivedData/PantryPal-bkvgpckfjhmkmcegoocvpytbbamy/Build/Intermediates.noindex/PantryPal.build/Debug-iphonesimulator/PantryPal.build/assetcatalog_generated_info.plist_thinned
/Users/subasically/Library/Developer/Xcode/DerivedData/PantryPal-bkvgpckfjhmkmcegoocvpytbbamy/Build/Intermediates.noindex/PantryPal.build/Debug-iphonesimulator/PantryPal.build/assetcatalog_output/thinned/AppIcon60x60@2x.png
/Users/subasically/Library/Developer/Xcode/DerivedData/PantryPal-bkvgpckfjhmkmcegoocvpytbbamy/Build/Intermediates.noindex/PantryPal.build/Debug-iphonesimulator/PantryPal.build/assetcatalog_output/thinned/AppIcon76x76@2x~ipad.png
/Users/subasically/Library/Developer/Xcode/DerivedData/PantryPal-bkvgpckfjhmkmcegoocvpytbbamy/Build/Intermediates.noindex/PantryPal.build/Debug-iphonesimulator/PantryPal.build/assetcatalog_output/thinned/Assets.car


SwiftDriver PantryPal normal arm64 com.apple.xcode.tools.swift.compiler (in target 'PantryPal' from project 'PantryPal')
    cd /Users/subasically/Desktop/github/PantryPal/ios
    builtin-SwiftDriver -- /Applications/Xcode.app/Contents/Developer/Toolchains/XcodeDefault.xctoolchain/usr/bin/swiftc -module-name PantryPal -Onone -enforce-exclusivity\=checked @/Users/subasically/Library/Developer/Xcode/DerivedData/PantryPal-bkvgpckfjhmkmcegoocvpytbbamy/Build/Intermediates.noindex/PantryPal.build/Debug-iphonesimulator/PantryPal.build/Objects-normal/arm64/PantryPal.SwiftFileList -DDEBUG -enable-experimental-feature DebugDescriptionMacro -sdk /Applications/Xcode.app/Contents/Developer/Platforms/iPhoneSimulator.platform/Developer/SDKs/iPhoneSimulator26.2.sdk -target arm64-apple-ios18.0-simulator -g -module-cache-path /Users/subasically/Library/Developer/Xcode/DerivedData/ModuleCache.noindex -Xfrontend -serialize-debugging-options -profile-coverage-mapping -profile-generate -enable-testing -index-store-path /Users/subasically/Library/Developer/Xcode/DerivedData/PantryPal-bkvgpckfjhmkmcegoocvpytbbamy/Index.noindex/DataStore -Xcc -D_LIBCPP_HARDENING_MODE\=_LIBCPP_HARDENING_MODE_DEBUG -swift-version 6 -I /Users/subasically/Library/Developer/Xcode/DerivedData/PantryPal-bkvgpckfjhmkmcegoocvpytbbamy/Build/Products/Debug-iphonesimulator -F /Users/subasically/Library/Developer/Xcode/DerivedData/PantryPal-bkvgpckfjhmkmcegoocvpytbbamy/Build/Products/Debug-iphonesimulator -emit-localized-strings -emit-localized-strings-path /Users/subasically/Library/Developer/Xcode/DerivedData/PantryPal-bkvgpckfjhmkmcegoocvpytbbamy/Build/Intermediates.noindex/PantryPal.build/Debug-iphonesimulator/PantryPal.build/Objects-normal/arm64 -c -j8 -enable-batch-mode -incremental -Xcc -ivfsstatcache -Xcc /Users/subasically/Library/Developer/Xcode/DerivedData/SDKStatCaches.noindex/iphonesimulator26.2-23C53-7d00a8b37fbd7999ea79df8ebc024bf0.sdkstatcache -output-file-map /Users/subasically/Library/Developer/Xcode/DerivedData/PantryPal-bkvgpckfjhmkmcegoocvpytbbamy/Build/Intermediates.noindex/PantryPal.build/Debug-iphonesimulator/PantryPal.build/Objects-normal/arm64/PantryPal-OutputFileMap.json -use-frontend-parseable-output -save-temps -no-color-diagnostics -explicit-module-build -module-cache-path /Users/subasically/Library/Developer/Xcode/DerivedData/PantryPal-bkvgpckfjhmkmcegoocvpytbbamy/Build/Intermediates.noindex/SwiftExplicitPrecompiledModules -clang-scanner-module-cache-path /Users/subasically/Library/Developer/Xcode/DerivedData/ModuleCache.noindex -sdk-module-cache-path /Users/subasically/Library/Developer/Xcode/DerivedData/ModuleCache.noindex -serialize-diagnostics -emit-dependencies -emit-module -emit-module-path /Users/subasically/Library/Developer/Xcode/DerivedData/PantryPal-bkvgpckfjhmkmcegoocvpytbbamy/Build/Intermediates.noindex/PantryPal.build/Debug-iphonesimulator/PantryPal.build/Objects-normal/arm64/PantryPal.swiftmodule -validate-clang-modules-once -clang-build-session-file /Users/subasically/Library/Developer/Xcode/DerivedData/ModuleCache.noindex/Session.modulevalidation -Xcc -I/Users/subasically/Library/Developer/Xcode/DerivedData/PantryPal-bkvgpckfjhmkmcegoocvpytbbamy/Build/Intermediates.noindex/PantryPal.build/Debug-iphonesimulator/PantryPal.build/swift-overrides.hmap -emit-const-values -Xfrontend -const-gather-protocols-file -Xfrontend /Users/subasically/Library/Developer/Xcode/DerivedData/PantryPal-bkvgpckfjhmkmcegoocvpytbbamy/Build/Intermediates.noindex/PantryPal.build/Debug-iphonesimulator/PantryPal.build/Objects-normal/arm64/PantryPal_const_extract_protocols.json -Xcc -iquote -Xcc /Users/subasically/Library/Developer/Xcode/DerivedData/PantryPal-bkvgpckfjhmkmcegoocvpytbbamy/Build/Intermediates.noindex/PantryPal.build/Debug-iphonesimulator/PantryPal.build/PantryPal-generated-files.hmap -Xcc -I/Users/subasically/Library/Developer/Xcode/DerivedData/PantryPal-bkvgpckfjhmkmcegoocvpytbbamy/Build/Intermediates.noindex/PantryPal.build/Debug-iphonesimulator/PantryPal.build/PantryPal-own-target-headers.hmap -Xcc -I/Users/subasically/Library/Developer/Xcode/DerivedData/PantryPal-bkvgpckfjhmkmcegoocvpytbbamy/Build/Intermediates.noindex/PantryPal.build/Debug-iphonesimulator/PantryPal.build/PantryPal-all-target-headers.hmap -Xcc -iquote -Xcc /Users/subasically/Library/Developer/Xcode/DerivedData/PantryPal-bkvgpckfjhmkmcegoocvpytbbamy/Build/Intermediates.noindex/PantryPal.build/Debug-iphonesimulator/PantryPal.build/PantryPal-project-headers.hmap -Xcc -I/Users/subasically/Library/Developer/Xcode/DerivedData/PantryPal-bkvgpckfjhmkmcegoocvpytbbamy/Build/Products/Debug-iphonesimulator/include -Xcc -I/Users/subasically/Library/Developer/Xcode/DerivedData/PantryPal-bkvgpckfjhmkmcegoocvpytbbamy/Build/Intermediates.noindex/PantryPal.build/Debug-iphonesimulator/PantryPal.build/DerivedSources-normal/arm64 -Xcc -I/Users/subasically/Library/Developer/Xcode/DerivedData/PantryPal-bkvgpckfjhmkmcegoocvpytbbamy/Build/Intermediates.noindex/PantryPal.build/Debug-iphonesimulator/PantryPal.build/DerivedSources/arm64 -Xcc -I/Users/subasically/Library/Developer/Xcode/DerivedData/PantryPal-bkvgpckfjhmkmcegoocvpytbbamy/Build/Intermediates.noindex/PantryPal.build/Debug-iphonesimulator/PantryPal.build/DerivedSources -Xcc -DDEBUG\=1 -emit-objc-header -emit-objc-header-path /Users/subasically/Library/Developer/Xcode/DerivedData/PantryPal-bkvgpckfjhmkmcegoocvpytbbamy/Build/Intermediates.noindex/PantryPal.build/Debug-iphonesimulator/PantryPal.build/Objects-normal/arm64/PantryPal-Swift.h -working-directory /Users/subasically/Desktop/github/PantryPal/ios -experimental-emit-module-separately -disable-cmo

SwiftCompile normal arm64 Compiling\ SmartScannerView.swift,\ NotificationService.swift,\ UITestingMode.swift,\ AccessibilityIdentifiers.swift,\ SwiftDataModels.swift,\ QRScannerView.swift,\ OCRService.swift /Users/subasically/Desktop/github/PantryPal/ios/PantryPal/Views/SmartScannerView.swift /Users/subasically/Desktop/github/PantryPal/ios/PantryPal/Services/NotificationService.swift /Users/subasically/Desktop/github/PantryPal/ios/PantryPal/Utils/UITestingMode.swift /Users/subasically/Desktop/github/PantryPal/ios/PantryPal/Utils/AccessibilityIdentifiers.swift /Users/subasically/Desktop/github/PantryPal/ios/PantryPal/Models/SwiftDataModels.swift /Users/subasically/Desktop/github/PantryPal/ios/PantryPal/Views/QRScannerView.swift /Users/subasically/Desktop/github/PantryPal/ios/PantryPal/Services/OCRService.swift (in target 'PantryPal' from project 'PantryPal')

SwiftCompile normal arm64 /Users/subasically/Desktop/github/PantryPal/ios/PantryPal/Views/SmartScannerView.swift (in target 'PantryPal' from project 'PantryPal')
    cd /Users/subasically/Desktop/github/PantryPal/ios
    

SwiftCompile normal arm64 /Users/subasically/Desktop/github/PantryPal/ios/PantryPal/Services/NotificationService.swift (in target 'PantryPal' from project 'PantryPal')
    cd /Users/subasically/Desktop/github/PantryPal/ios
    

SwiftCompile normal arm64 /Users/subasically/Desktop/github/PantryPal/ios/PantryPal/Utils/UITestingMode.swift (in target 'PantryPal' from project 'PantryPal')
    cd /Users/subasically/Desktop/github/PantryPal/ios
    

SwiftCompile normal arm64 /Users/subasically/Desktop/github/PantryPal/ios/PantryPal/Utils/AccessibilityIdentifiers.swift (in target 'PantryPal' from project 'PantryPal')
    cd /Users/subasically/Desktop/github/PantryPal/ios
    

SwiftCompile normal arm64 /Users/subasically/Desktop/github/PantryPal/ios/PantryPal/Models/SwiftDataModels.swift (in target 'PantryPal' from project 'PantryPal')
    cd /Users/subasically/Desktop/github/PantryPal/ios
    

SwiftCompile normal arm64 /Users/subasically/Desktop/github/PantryPal/ios/PantryPal/Views/QRScannerView.swift (in target 'PantryPal' from project 'PantryPal')
    cd /Users/subasically/Desktop/github/PantryPal/ios
    

SwiftCompile normal arm64 /Users/subasically/Desktop/github/PantryPal/ios/PantryPal/Services/OCRService.swift (in target 'PantryPal' from project 'PantryPal')
    cd /Users/subasically/Desktop/github/PantryPal/ios
    

SwiftEmitModule normal arm64 Emitting\ module\ for\ PantryPal (in target 'PantryPal' from project 'PantryPal')

EmitSwiftModule normal arm64 (in target 'PantryPal' from project 'PantryPal')
    cd /Users/subasically/Desktop/github/PantryPal/ios
    

SwiftCompile normal arm64 Compiling\ AppLogger.swift,\ SplashView.swift,\ AppTextField.swift,\ ToastCenter.swift,\ ToastHostView.swift,\ GeneratedAssetSymbols.swift /Users/subasically/Desktop/github/PantryPal/ios/PantryPal/Utils/AppLogger.swift /Users/subasically/Desktop/github/PantryPal/ios/PantryPal/Views/SplashView.swift /Users/subasically/Desktop/github/PantryPal/ios/PantryPal/Views/AppTextField.swift /Users/subasically/Desktop/github/PantryPal/ios/PantryPal/Services/ToastCenter.swift /Users/subasically/Desktop/github/PantryPal/ios/PantryPal/Views/ToastHostView.swift /Users/subasically/Library/Developer/Xcode/DerivedData/PantryPal-bkvgpckfjhmkmcegoocvpytbbamy/Build/Intermediates.noindex/PantryPal.build/Debug-iphonesimulator/PantryPal.build/DerivedSources/GeneratedAssetSymbols.swift (in target 'PantryPal' from project 'PantryPal')

SwiftCompile normal arm64 /Users/subasically/Desktop/github/PantryPal/ios/PantryPal/Utils/AppLogger.swift (in target 'PantryPal' from project 'PantryPal')
    cd /Users/subasically/Desktop/github/PantryPal/ios
    

SwiftCompile normal arm64 /Users/subasically/Desktop/github/PantryPal/ios/PantryPal/Views/SplashView.swift (in target 'PantryPal' from project 'PantryPal')
    cd /Users/subasically/Desktop/github/PantryPal/ios
    

SwiftCompile normal arm64 /Users/subasically/Desktop/github/PantryPal/ios/PantryPal/Views/AppTextField.swift (in target 'PantryPal' from project 'PantryPal')
    cd /Users/subasically/Desktop/github/PantryPal/ios
    

SwiftCompile normal arm64 /Users/subasically/Desktop/github/PantryPal/ios/PantryPal/Services/ToastCenter.swift (in target 'PantryPal' from project 'PantryPal')
    cd /Users/subasically/Desktop/github/PantryPal/ios
    

SwiftCompile normal arm64 /Users/subasically/Desktop/github/PantryPal/ios/PantryPal/Views/ToastHostView.swift (in target 'PantryPal' from project 'PantryPal')
    cd /Users/subasically/Desktop/github/PantryPal/ios
    

SwiftCompile normal arm64 /Users/subasically/Library/Developer/Xcode/DerivedData/PantryPal-bkvgpckfjhmkmcegoocvpytbbamy/Build/Intermediates.noindex/PantryPal.build/Debug-iphonesimulator/PantryPal.build/DerivedSources/GeneratedAssetSymbols.swift (in target 'PantryPal' from project 'PantryPal')
    cd /Users/subasically/Desktop/github/PantryPal/ios
    

SwiftCompile normal arm64 Compiling\ LocationsSettingsView.swift,\ ConfettiCenter.swift,\ SyncStatusIndicator.swift,\ ConfettiModifier.swift,\ AppError.swift,\ AppErrorMapper.swift /Users/subasically/Desktop/github/PantryPal/ios/PantryPal/Views/LocationsSettingsView.swift /Users/subasically/Desktop/github/PantryPal/ios/PantryPal/Services/ConfettiCenter.swift /Users/subasically/Desktop/github/PantryPal/ios/PantryPal/Views/Components/SyncStatusIndicator.swift /Users/subasically/Desktop/github/PantryPal/ios/PantryPal/Views/Components/ConfettiModifier.swift /Users/subasically/Desktop/github/PantryPal/ios/PantryPal/Utils/AppError.swift /Users/subasically/Desktop/github/PantryPal/ios/PantryPal/Utils/AppErrorMapper.swift (in target 'PantryPal' from project 'PantryPal')

SwiftCompile normal arm64 /Users/subasically/Desktop/github/PantryPal/ios/PantryPal/Views/LocationsSettingsView.swift (in target 'PantryPal' from project 'PantryPal')
    cd /Users/subasically/Desktop/github/PantryPal/ios
    

SwiftCompile normal arm64 /Users/subasically/Desktop/github/PantryPal/ios/PantryPal/Services/ConfettiCenter.swift (in target 'PantryPal' from project 'PantryPal')
    cd /Users/subasically/Desktop/github/PantryPal/ios
    

SwiftCompile normal arm64 /Users/subasically/Desktop/github/PantryPal/ios/PantryPal/Views/Components/SyncStatusIndicator.swift (in target 'PantryPal' from project 'PantryPal')
    cd /Users/subasically/Desktop/github/PantryPal/ios
    

SwiftCompile normal arm64 /Users/subasically/Desktop/github/PantryPal/ios/PantryPal/Views/Components/ConfettiModifier.swift (in target 'PantryPal' from project 'PantryPal')
    cd /Users/subasically/Desktop/github/PantryPal/ios
    

SwiftCompile normal arm64 /Users/subasically/Desktop/github/PantryPal/ios/PantryPal/Utils/AppError.swift (in target 'PantryPal' from project 'PantryPal')
    cd /Users/subasically/Desktop/github/PantryPal/ios
    

SwiftCompile normal arm64 /Users/subasically/Desktop/github/PantryPal/ios/PantryPal/Utils/AppErrorMapper.swift (in target 'PantryPal' from project 'PantryPal')
    cd /Users/subasically/Desktop/github/PantryPal/ios
    

SwiftCompile normal arm64 Compiling\ AddCustomItemView.swift,\ ConfettiOverlay.swift,\ ToastView.swift,\ CheckoutView.swift,\ GroceryListView.swift,\ GroceryViewModel.swift /Users/subasically/Desktop/github/PantryPal/ios/PantryPal/Views/ItemManagement/AddCustomItemView.swift /Users/subasically/Desktop/github/PantryPal/ios/PantryPal/Views/Components/ConfettiOverlay.swift /Users/subasically/Desktop/github/PantryPal/ios/PantryPal/Views/Components/ToastView.swift /Users/subasically/Desktop/github/PantryPal/ios/PantryPal/Views/CheckoutView.swift /Users/subasically/Desktop/github/PantryPal/ios/PantryPal/Views/GroceryListView.swift /Users/subasically/Desktop/github/PantryPal/ios/PantryPal/ViewModels/GroceryViewModel.swift (in target 'PantryPal' from project 'PantryPal')

SwiftCompile normal arm64 /Users/subasically/Desktop/github/PantryPal/ios/PantryPal/Views/ItemManagement/AddCustomItemView.swift (in target 'PantryPal' from project 'PantryPal')
    cd /Users/subasically/Desktop/github/PantryPal/ios
    

SwiftCompile normal arm64 /Users/subasically/Desktop/github/PantryPal/ios/PantryPal/Views/Components/ConfettiOverlay.swift (in target 'PantryPal' from project 'PantryPal')
    cd /Users/subasically/Desktop/github/PantryPal/ios
    

SwiftCompile normal arm64 /Users/subasically/Desktop/github/PantryPal/ios/PantryPal/Views/Components/ToastView.swift (in target 'PantryPal' from project 'PantryPal')
    cd /Users/subasically/Desktop/github/PantryPal/ios
    

SwiftCompile normal arm64 /Users/subasically/Desktop/github/PantryPal/ios/PantryPal/Views/CheckoutView.swift (in target 'PantryPal' from project 'PantryPal')
    cd /Users/subasically/Desktop/github/PantryPal/ios
    

SwiftCompile normal arm64 /Users/subasically/Desktop/github/PantryPal/ios/PantryPal/Views/GroceryListView.swift (in target 'PantryPal' from project 'PantryPal')
    cd /Users/subasically/Desktop/github/PantryPal/ios
    

SwiftCompile normal arm64 /Users/subasically/Desktop/github/PantryPal/ios/PantryPal/ViewModels/GroceryViewModel.swift (in target 'PantryPal' from project 'PantryPal')
    cd /Users/subasically/Desktop/github/PantryPal/ios
    

SwiftCompile normal arm64 Compiling\ HouseholdSetupView.swift,\ PaywallView.swift,\ HouseholdSharingView.swift,\ InventoryListView.swift,\ InventoryItemRow.swift,\ EditItemView.swift /Users/subasically/Desktop/github/PantryPal/ios/PantryPal/Views/HouseholdSetupView.swift /Users/subasically/Desktop/github/PantryPal/ios/PantryPal/Views/PaywallView.swift /Users/subasically/Desktop/github/PantryPal/ios/PantryPal/Views/HouseholdSharingView.swift /Users/subasically/Desktop/github/PantryPal/ios/PantryPal/Views/Inventory/InventoryListView.swift /Users/subasically/Desktop/github/PantryPal/ios/PantryPal/Views/Inventory/InventoryItemRow.swift /Users/subasically/Desktop/github/PantryPal/ios/PantryPal/Views/ItemManagement/EditItemView.swift (in target 'PantryPal' from project 'PantryPal')
SwiftCompile normal arm64 /Users/subasically/Desktop/github/PantryPal/ios/PantryPal/Views/HouseholdSetupView.swift (in target 'PantryPal' from project 'PantryPal')
    cd /Users/subasically/Desktop/github/PantryPal/ios
    

SwiftCompile normal arm64 /Users/subasically/Desktop/github/PantryPal/ios/PantryPal/Views/PaywallView.swift (in target 'PantryPal' from project 'PantryPal')
    cd /Users/subasically/Desktop/github/PantryPal/ios
    

SwiftCompile normal arm64 /Users/subasically/Desktop/github/PantryPal/ios/PantryPal/Views/HouseholdSharingView.swift (in target 'PantryPal' from project 'PantryPal')
    cd /Users/subasically/Desktop/github/PantryPal/ios
    

SwiftCompile normal arm64 /Users/subasically/Desktop/github/PantryPal/ios/PantryPal/Views/Inventory/InventoryListView.swift (in target 'PantryPal' from project 'PantryPal')
    cd /Users/subasically/Desktop/github/PantryPal/ios
    
/Users/subasically/Desktop/github/PantryPal/ios/PantryPal/Views/Inventory/InventoryListView.swift:169:9: error: the compiler is unable to type-check this expression in reasonable time; try breaking up the expression into distinct sub-expressions
        inventoryList
        ^~~~~~~~~~~~~
/Users/subasically/Desktop/github/PantryPal/ios/PantryPal/Views/Inventory/InventoryListView.swift:343:25: error: cannot find 'authViewModel' in scope
        let isPremium = authViewModel.currentHousehold?.isPremium ?? false
                        ^~~~~~~~~~~~~
/Users/subasically/Desktop/github/PantryPal/ios/PantryPal/Views/Inventory/InventoryListView.swift:344:21: error: cannot find 'viewModel' in scope
        let count = viewModel.items.count
                    ^~~~~~~~~
/Users/subasically/Desktop/github/PantryPal/ios/PantryPal/Views/Inventory/InventoryListView.swift:346:35: error: cannot find 'authViewModel' in scope
        if !isPremium && count >= authViewModel.freeLimit {
                                  ^~~~~~~~~~~~~
/Users/subasically/Desktop/github/PantryPal/ios/PantryPal/Views/Inventory/InventoryListView.swift:347:13: error: cannot find 'showingPaywall' in scope
            showingPaywall = true
            ^~~~~~~~~~~~~~
/Users/subasically/Desktop/github/PantryPal/ios/PantryPal/Views/Inventory/InventoryListView.swift:367:19: error: cannot find 'viewModel' in scope
            await viewModel.adjustQuantity(id: item.id, adjustment: -1)
                  ^~~~~~~~~
/Users/subasically/Desktop/github/PantryPal/ios/PantryPal/Views/Inventory/InventoryListView.swift:369:30: error: cannot find 'authViewModel' in scope
                householdId: authViewModel.currentUser?.householdId,
                             ^~~~~~~~~~~~~
/Users/subasically/Desktop/github/PantryPal/ios/PantryPal/Views/Inventory/InventoryListView.swift:370:31: error: cannot find 'modelContext' in scope
                modelContext: modelContext,
                              ^~~~~~~~~~~~
/Users/subasically/Desktop/github/PantryPal/ios/PantryPal/Views/Inventory/InventoryListView.swift:377:25: error: cannot find 'authViewModel' in scope
        let isPremium = authViewModel.currentHousehold?.isPremiumActive ?? false
                        ^~~~~~~~~~~~~
/Users/subasically/Desktop/github/PantryPal/ios/PantryPal/Views/Inventory/InventoryListView.swift:387:15: error: cannot find 'viewModel' in scope
        await viewModel.adjustQuantity(id: item.id, adjustment: -1)
              ^~~~~~~~~
/Users/subasically/Desktop/github/PantryPal/ios/PantryPal/Views/Inventory/InventoryListView.swift:389:26: error: cannot find 'authViewModel' in scope
            householdId: authViewModel.currentUser?.householdId,
                         ^~~~~~~~~~~~~
/Users/subasically/Desktop/github/PantryPal/ios/PantryPal/Views/Inventory/InventoryListView.swift:390:27: error: cannot find 'modelContext' in scope
            modelContext: modelContext,
                          ^~~~~~~~~~~~
/Users/subasically/Desktop/github/PantryPal/ios/PantryPal/Views/Inventory/InventoryListView.swift:410:9: error: cannot find 'pendingGroceryItem' in scope
        pendingGroceryItem = itemName
        ^~~~~~~~~~~~~~~~~~
/Users/subasically/Desktop/github/PantryPal/ios/PantryPal/Views/Inventory/InventoryListView.swift:411:9: error: cannot find 'showGroceryPrompt' in scope
        showGroceryPrompt = true
        ^~~~~~~~~~~~~~~~~
/Users/subasically/Desktop/github/PantryPal/ios/PantryPal/Views/Inventory/InventoryListView.swift:419:13: error: expression is 'async' but is not marked with 'await'
            ToastCenter.shared.show(" Added to grocery list", type: .success)
/Users/subasically/Desktop/github/PantryPal/ios/PantryPal/Views/Inventory/InventoryListView.swift:419:13: note: calls to instance method 'show(_:type:duration:)' from outside of its actor context are implicitly asynchronous
            ToastCenter.shared.show(" Added to grocery list", type: .success)
/Users/subasically/Desktop/github/PantryPal/ios/PantryPal/Views/Inventory/InventoryListView.swift:419:13: note: property access is 'async'
            ToastCenter.shared.show(" Added to grocery list", type: .success)
/Users/subasically/Desktop/github/PantryPal/ios/PantryPal/Views/Inventory/InventoryListView.swift:422:13: error: expression is 'async' but is not marked with 'await'
            ToastCenter.shared.show("Failed to add to grocery list", type: .error)
            ^~~~~~~~~~~~~~~~~~~~~~~~~~~~~~~~~~~~~~~~~~~~~~~~~~~~~~~~~~~~~~~~~~~~~~
            await 
/Users/subasically/Desktop/github/PantryPal/ios/PantryPal/Views/Inventory/InventoryListView.swift:422:13: note: calls to instance method 'show(_:type:duration:)' from outside of its actor context are implicitly asynchronous
            ToastCenter.shared.show("Failed to add to grocery list", type: .error)
            ^
/Users/subasically/Desktop/github/PantryPal/ios/PantryPal/Views/Inventory/InventoryListView.swift:422:13: note: property access is 'async'
            ToastCenter.shared.show("Failed to add to grocery list", type: .error)
            ^
/Users/subasically/Desktop/github/PantryPal/ios/PantryPal/Views/Inventory/InventoryListView.swift:425:13: error: expression is 'async' but is not marked with 'await'
            ToastCenter.shared.show("Failed to add to grocery list", type: .error)
            ^~~~~~~~~~~~~~~~~~~~~~~~~~~~~~~~~~~~~~~~~~~~~~~~~~~~~~~~~~~~~~~~~~~~~~
            await 
/Users/subasically/Desktop/github/PantryPal/ios/PantryPal/Views/Inventory/InventoryListView.swift:425:13: note: calls to instance method 'show(_:type:duration:)' from outside of its actor context are implicitly asynchronous
            ToastCenter.shared.show("Failed to add to grocery list", type: .error)
            ^
/Users/subasically/Desktop/github/PantryPal/ios/PantryPal/Views/Inventory/InventoryListView.swift:425:13: note: property access is 'async'
            ToastCenter.shared.show("Failed to add to grocery list", type: .error)
            ^
/Users/subasically/Desktop/github/PantryPal/ios/PantryPal/Views/Inventory/InventoryListView.swift:433:29: error: cannot find 'groceryViewModel' in scope
        let removed = await groceryViewModel.attemptAutoRemove(
                            ^~~~~~~~~~~~~~~~
/Users/subasically/Desktop/github/PantryPal/ios/PantryPal/Views/Inventory/InventoryListView.swift:441:13: error: expression is 'async' but is not marked with 'await'
            ToastCenter.shared.show("Removed \(displayName) from grocery list", type: .info)
            ^~~~~~~~~~~~~~~~~~~~~~~~~~~~~~~~~~~~~~~~~~~~~~~~~~~~~~~~~~~~~~~~~~~~~~~~~~~~~~~~
            await 
/Users/subasically/Desktop/github/PantryPal/ios/PantryPal/Views/Inventory/InventoryListView.swift:441:13: note: calls to instance method 'show(_:type:duration:)' from outside of its actor context are implicitly asynchronous
            ToastCenter.shared.show("Removed \(displayName) from grocery list", type: .info)
            ^
/Users/subasically/Desktop/github/PantryPal/ios/PantryPal/Views/Inventory/InventoryListView.swift:441:13: note: property access is 'async'
            ToastCenter.shared.show("Removed \(displayName) from grocery list", type: .info)
            ^
/Users/subasically/Desktop/github/PantryPal/ios/PantryPal/Views/Inventory/InventoryListView.swift:447:29: error: cannot find 'groceryViewModel' in scope
        let removed = await groceryViewModel.attemptAutoRemove(
                            ^~~~~~~~~~~~~~~~
/Users/subasically/Desktop/github/PantryPal/ios/PantryPal/Views/Inventory/InventoryListView.swift:450:20: error: 'nil' requires a contextual type
            brand: nil
                   ^
/Users/subasically/Desktop/github/PantryPal/ios/PantryPal/Views/Inventory/InventoryListView.swift:454:13: error: expression is 'async' but is not marked with 'await'
            ToastCenter.shared.show("Removed from grocery list", type: .info)
            ^~~~~~~~~~~~~~~~~~~~~~~~~~~~~~~~~~~~~~~~~~~~~~~~~~~~~~~~~~~~~~~~~
            await 
/Users/subasically/Desktop/github/PantryPal/ios/PantryPal/Views/Inventory/InventoryListView.swift:454:13: note: calls to instance method 'show(_:type:duration:)' from outside of its actor context are implicitly asynchronous
            ToastCenter.shared.show("Removed from grocery list", type: .info)
            ^
/Users/subasically/Desktop/github/PantryPal/ios/PantryPal/Views/Inventory/InventoryListView.swift:454:13: note: property access is 'async'
            ToastCenter.shared.show("Removed from grocery list", type: .info)
            ^
/Users/subasically/Desktop/github/PantryPal/ios/PantryPal/Views/Inventory/InventoryListView.swift:462:32: error: cannot find 'viewModel' in scope
        guard let recentItem = viewModel.items.first else { return }
                               ^~~~~~~~~
/Users/subasically/Desktop/github/PantryPal/ios/PantryPal/Views/Inventory/InventoryListView.swift:484:39: error: cannot find 'showingScanner' in scope
                    if checkLimit() { showingScanner = true }
                                      ^~~~~~~~~~~~~~
/Users/subasically/Desktop/github/PantryPal/ios/PantryPal/Views/Inventory/InventoryListView.swift:492:39: error: cannot find 'showingAddCustom' in scope
                    if checkLimit() { showingAddCustom = true }
                                      ^~~~~~~~~~~~~~~~
/Users/subasically/Desktop/github/PantryPal/ios/PantryPal/Views/Inventory/InventoryListView.swift:509:45: error: cannot find '$selectedFilter' in scope
                Picker("Filter", selection: $selectedFilter) {
                                            ^~~~~~~~~~~~~~~
/Users/subasically/Desktop/github/PantryPal/ios/PantryPal/Views/Inventory/InventoryListView.swift:510:29: error: cannot find 'InventoryFilter' in scope
                    ForEach(InventoryFilter.allCases, id: \.self) { filter in
                            ^~~~~~~~~~~~~~~
/Users/subasically/Desktop/github/PantryPal/ios/PantryPal/Views/Inventory/InventoryListView.swift:521:25: error: cannot find 'filteredItems' in scope
                ForEach(filteredItems) { item in
                        ^~~~~~~~~~~~~
/Users/subasically/Desktop/github/PantryPal/ios/PantryPal/Views/Inventory/InventoryListView.swift:524:36: error: cannot find '$viewModel' in scope
                        viewModel: $viewModel,
                                   ^~~~~~~~~~
/Users/subasically/Desktop/github/PantryPal/ios/PantryPal/Views/Inventory/InventoryListView.swift:526:29: error: cannot find 'editingItem' in scope
                            editingItem = item
                            ^~~~~~~~~~~
/Users/subasically/Desktop/github/PantryPal/ios/PantryPal/Views/Inventory/InventoryListView.swift:539:35: error: cannot find 'viewModel' in scope
                            await viewModel.deleteItem(id: filteredItems[index].id)
                                  ^~~~~~~~~
/Users/subasically/Desktop/github/PantryPal/ios/PantryPal/Views/Inventory/InventoryListView.swift:539:60: error: cannot find 'filteredItems' in scope
                            await viewModel.deleteItem(id: filteredItems[index].id)
                                                           ^~~~~~~~~~~~~
/Users/subasically/Desktop/github/PantryPal/ios/PantryPal/Views/Inventory/InventoryListView.swift:511:47: error: generic parameter 'V' could not be inferred
                        Text(filter.rawValue).tag(filter)
                                              ^
SwiftUI.View.tag:2:25: note: in call to function 'tag(_:includeOptional:)'
nonisolated public func tag<V>(_ tag: V, includeOptional: Bool = true) -> some View where V : Hashable
                        ^

SwiftCompile normal arm64 /Users/subasically/Desktop/github/PantryPal/ios/PantryPal/Views/Inventory/InventoryItemRow.swift (in target 'PantryPal' from project 'PantryPal')
    cd /Users/subasically/Desktop/github/PantryPal/ios
    

SwiftCompile normal arm64 /Users/subasically/Desktop/github/PantryPal/ios/PantryPal/Views/ItemManagement/EditItemView.swift (in target 'PantryPal' from project 'PantryPal')
    cd /Users/subasically/Desktop/github/PantryPal/ios
    

Failed frontend command:
/Applications/Xcode.app/Contents/Developer/Toolchains/XcodeDefault.xctoolchain/usr/bin/swift-frontend -frontend -c /Users/subasically/Desktop/github/PantryPal/ios/PantryPal/ViewModels/CheckoutViewModel.swift /Users/subasically/Desktop/github/PantryPal/ios/PantryPal/Services/LastUsedLocationStore.swift /Users/subasically/Desktop/github/PantryPal/ios/PantryPal/PantryPalApp.swift /Users/subasically/Desktop/github/PantryPal/ios/PantryPal/Views/Scanner/ScannerSheet.swift /Users/subasically/Desktop/github/PantryPal/ios/PantryPal/Views/Scanner/UPCScannerSheet.swift /Users/subasically/Desktop/github/PantryPal/ios/PantryPal/Models/Models.swift /Users/subasically/Desktop/github/PantryPal/ios/PantryPal/Services/ActionQueueService.swift /Users/subasically/Desktop/github/PantryPal/ios/PantryPal/Services/SyncService.swift /Users/subasically/Desktop/github/PantryPal/ios/PantryPal/Services/HapticService.swift /Users/subasically/Desktop/github/PantryPal/ios/PantryPal/Views/Components/PhotoCaptureView.swift /Users/subasically/Desktop/github/PantryPal/ios/PantryPal/Services/APIService.swift /Users/subasically/Desktop/github/PantryPal/ios/PantryPal/Services/SyncCoordinator.swift /Users/subasically/Desktop/github/PantryPal/ios/PantryPal/Models/SDPendingAction.swift /Users/subasically/Desktop/github/PantryPal/ios/PantryPal/ViewModels/AuthViewModel.swift /Users/subasically/Desktop/github/PantryPal/ios/PantryPal/ViewModels/InventoryViewModel.swift /Users/subasically/Desktop/github/PantryPal/ios/PantryPal/Views/LoginView.swift /Users/subasically/Desktop/github/PantryPal/ios/PantryPal/Views/BarcodeScannerView.swift /Users/subasically/Desktop/github/PantryPal/ios/PantryPal/Utils/Colors.swift /Users/subasically/Desktop/github/PantryPal/ios/PantryPal/Views/SettingsView.swift /Users/subasically/Desktop/github/PantryPal/ios/PantryPal/Services/BiometricAuthService.swift /Users/subasically/Desktop/github/PantryPal/ios/PantryPal/Services/UserPreferences.swift /Users/subasically/Desktop/github/PantryPal/ios/PantryPal/Views/SmartScannerView.swift /Users/subasically/Desktop/github/PantryPal/ios/PantryPal/Services/NotificationService.swift /Users/subasically/Desktop/github/PantryPal/ios/PantryPal/Utils/UITestingMode.swift /Users/subasically/Desktop/github/PantryPal/ios/PantryPal/Utils/AccessibilityIdentifiers.swift /Users/subasically/Desktop/github/PantryPal/ios/PantryPal/Models/SwiftDataModels.swift /Users/subasically/Desktop/github/PantryPal/ios/PantryPal/Views/QRScannerView.swift /Users/subasically/Desktop/github/PantryPal/ios/PantryPal/Services/OCRService.swift -primary-file /Users/subasically/Desktop/github/PantryPal/ios/PantryPal/Views/HouseholdSetupView.swift -primary-file /Users/subasically/Desktop/github/PantryPal/ios/PantryPal/Views/PaywallView.swift -primary-file /Users/subasically/Desktop/github/PantryPal/ios/PantryPal/Views/HouseholdSharingView.swift -primary-file /Users/subasically/Desktop/github/PantryPal/ios/PantryPal/Views/Inventory/InventoryListView.swift -primary-file /Users/subasically/Desktop/github/PantryPal/ios/PantryPal/Views/Inventory/InventoryItemRow.swift -primary-file /Users/subasically/Desktop/github/PantryPal/ios/PantryPal/Views/ItemManagement/EditItemView.swift /Users/subasically/Desktop/github/PantryPal/ios/PantryPal/Views/ItemManagement/AddCustomItemView.swift /Users/subasically/Desktop/github/PantryPal/ios/PantryPal/Views/Components/ConfettiOverlay.swift /Users/subasically/Desktop/github/PantryPal/ios/PantryPal/Views/Components/ToastView.swift /Users/subasically/Desktop/github/PantryPal/ios/PantryPal/Views/CheckoutView.swift /Users/subasically/Desktop/github/PantryPal/ios/PantryPal/Views/GroceryListView.swift /Users/subasically/Desktop/github/PantryPal/ios/PantryPal/ViewModels/GroceryViewModel.swift /Users/subasically/Desktop/github/PantryPal/ios/PantryPal/Views/LocationsSettingsView.swift /Users/subasically/Desktop/github/PantryPal/ios/PantryPal/Services/ConfettiCenter.swift /Users/subasically/Desktop/github/PantryPal/ios/PantryPal/Views/Components/SyncStatusIndicator.swift /Users/subasically/Desktop/github/PantryPal/ios/PantryPal/Views/Components/ConfettiModifier.swift /Users/subasically/Desktop/github/PantryPal/ios/PantryPal/Utils/AppError.swift /Users/subasically/Desktop/github/PantryPal/ios/PantryPal/Utils/AppErrorMapper.swift /Users/subasically/Desktop/github/PantryPal/ios/PantryPal/Utils/AppLogger.swift /Users/subasically/Desktop/github/PantryPal/ios/PantryPal/Views/SplashView.swift /Users/subasically/Desktop/github/PantryPal/ios/PantryPal/Views/AppTextField.swift /Users/subasically/Desktop/github/PantryPal/ios/PantryPal/Services/ToastCenter.swift /Users/subasically/Desktop/github/PantryPal/ios/PantryPal/Views/ToastHostView.swift /Users/subasically/Library/Developer/Xcode/DerivedData/PantryPal-bkvgpckfjhmkmcegoocvpytbbamy/Build/Intermediates.noindex/PantryPal.build/Debug-iphonesimulator/PantryPal.build/DerivedSources/GeneratedAssetSymbols.swift -supplementary-output-file-map /Users/subasically/Library/Developer/Xcode/DerivedData/PantryPal-bkvgpckfjhmkmcegoocvpytbbamy/Build/Intermediates.noindex/PantryPal.build/Debug-iphonesimulator/PantryPal.build/Objects-normal/arm64/supplementaryOutputs-5 -emit-localized-strings -emit-localized-strings-path /Users/subasically/Library/Developer/Xcode/DerivedData/PantryPal-bkvgpckfjhmkmcegoocvpytbbamy/Build/Intermediates.noindex/PantryPal.build/Debug-iphonesimulator/PantryPal.build/Objects-normal/arm64 -target arm64-apple-ios18.0-simulator -module-can-import-version DeveloperToolsSupport 23.0.4 23.0.4 -module-can-import-version SwiftUI 7.2.5.1 7.2.5 -module-can-import-version UIKit 9126.2.4.1 9126.2.4 -disable-cross-import-overlay-search -swift-module-cross-import AuthenticationServices /Applications/Xcode.app/Contents/Developer/Platforms/iPhoneSimulator.platform/Developer/SDKs/iPhoneSimulator.sdk/System/Cryptexes/OS/System/Library/Frameworks/AuthenticationServices.framework/Modules/AuthenticationServices.swiftcrossimport/SwiftUI.swiftoverlay -swift-module-cross-import AuthenticationServices /Applications/Xcode.app/Contents/Developer/Platforms/iPhoneSimulator.platform/Developer/SDKs/iPhoneSimulator26.2.sdk/System/Library/Frameworks/AuthenticationServices.framework/Modules/AuthenticationServices.swiftcrossimport/SwiftUI.swiftoverlay -swift-module-cross-import SwiftData /Applications/Xcode.app/Contents/Developer/Platforms/iPhoneSimulator.platform/Developer/SDKs/iPhoneSimulator26.2.sdk/System/Library/Frameworks/SwiftData.framework/Modules/SwiftData.swiftcrossimport/CoreData.swiftoverlay -swift-module-cross-import SwiftData /Applications/Xcode.app/Contents/Developer/Platforms/iPhoneSimulator.platform/Developer/SDKs/iPhoneSimulator26.2.sdk/System/Library/Frameworks/SwiftData.framework/Modules/SwiftData.swiftcrossimport/SwiftUI.swiftoverlay -load-resolved-plugin /Applications/Xcode.app/Contents/Developer/Platforms/iPhoneOS.platform/Developer/usr/lib/swift/host/plugins/libFoundationMacros.dylib\#/Applications/Xcode.app/Contents/Developer/Platforms/iPhoneOS.platform/Developer/usr/bin/swift-plugin-server\#FoundationMacros -load-resolved-plugin /Applications/Xcode.app/Contents/Developer/Platforms/iPhoneOS.platform/Developer/usr/lib/swift/host/plugins/libObservationMacros.dylib\#/Applications/Xcode.app/Contents/Developer/Platforms/iPhoneOS.platform/Developer/usr/bin/swift-plugin-server\#ObservationMacros -load-resolved-plugin /Applications/Xcode.app/Contents/Developer/Platforms/iPhoneOS.platform/Developer/usr/lib/swift/host/plugins/libPreviewsMacros.dylib\#/Applications/Xcode.app/Contents/Developer/Platforms/iPhoneOS.platform/Developer/usr/bin/swift-plugin-server\#PreviewsMacros -load-resolved-plugin /Applications/Xcode.app/Contents/Developer/Platforms/iPhoneOS.platform/Developer/usr/lib/swift/host/plugins/libSwiftDataMacros.dylib\#/Applications/Xcode.app/Contents/Developer/Platforms/iPhoneOS.platform/Developer/usr/bin/swift-plugin-server\#SwiftDataMacros -load-resolved-plugin /Applications/Xcode.app/Contents/Developer/Platforms/iPhoneOS.platform/Developer/usr/lib/swift/host/plugins/libSwiftMacros.dylib\#/Applications/Xcode.app/Contents/Developer/Platforms/iPhoneOS.platform/Developer/usr/bin/swift-plugin-server\#SwiftMacros -load-resolved-plugin /Applications/Xcode.app/Contents/Developer/Platforms/iPhoneOS.platform/Developer/usr/lib/swift/host/plugins/libSwiftUIMacros.dylib\#/Applications/Xcode.app/Contents/Developer/Platforms/iPhoneOS.platform/Developer/usr/bin/swift-plugin-server\#SwiftUIMacros -disable-implicit-swift-modules -Xcc -fno-implicit-modules -Xcc -fno-implicit-module-maps -explicit-swift-module-map-file /Users/subasically/Library/Developer/Xcode/DerivedData/PantryPal-bkvgpckfjhmkmcegoocvpytbbamy/Build/Intermediates.noindex/PantryPal.build/Debug-iphonesimulator/PantryPal.build/Objects-normal/arm64/PantryPal-dependencies-1.json -Xllvm -aarch64-use-tbi -enable-objc-interop -sdk /Applications/Xcode.app/Contents/Developer/Platforms/iPhoneSimulator.platform/Developer/SDKs/iPhoneSimulator26.2.sdk -I /Users/subasically/Library/Developer/Xcode/DerivedData/PantryPal-bkvgpckfjhmkmcegoocvpytbbamy/Build/Products/Debug-iphonesimulator -F /Users/subasically/Library/Developer/Xcode/DerivedData/PantryPal-bkvgpckfjhmkmcegoocvpytbbamy/Build/Products/Debug-iphonesimulator -no-color-diagnostics -Xcc -fno-color-diagnostics -enable-testing -g -debug-info-format\=dwarf -dwarf-version\=5 -module-cache-path /Users/subasically/Library/Developer/Xcode/DerivedData/PantryPal-bkvgpckfjhmkmcegoocvpytbbamy/Build/Intermediates.noindex/SwiftExplicitPrecompiledModules -profile-generate -profile-coverage-mapping -swift-version 6 -enforce-exclusivity\=checked -Onone -D DEBUG -serialize-debugging-options -const-gather-protocols-file /Users/subasically/Library/Developer/Xcode/DerivedData/PantryPal-bkvgpckfjhmkmcegoocvpytbbamy/Build/Intermediates.noindex/PantryPal.build/Debug-iphonesimulator/PantryPal.build/Objects-normal/arm64/PantryPal_const_extract_protocols.json -enable-experimental-feature DebugDescriptionMacro -empty-abi-descriptor -validate-clang-modules-once -clang-build-session-file /Users/subasically/Library/Developer/Xcode/DerivedData/ModuleCache.noindex/Session.modulevalidation -Xcc -working-directory -Xcc /Users/subasically/Desktop/github/PantryPal/ios -enable-anonymous-context-mangled-names -file-compilation-dir /Users/subasically/Desktop/github/PantryPal/ios -Xcc -D_LIBCPP_HARDENING_MODE\=_LIBCPP_HARDENING_MODE_DEBUG -Xcc -ivfsstatcache -Xcc /Users/subasically/Library/Developer/Xcode/DerivedData/SDKStatCaches.noindex/iphonesimulator26.2-23C53-7d00a8b37fbd7999ea79df8ebc024bf0.sdkstatcache -Xcc -I/Users/subasically/Library/Developer/Xcode/DerivedData/PantryPal-bkvgpckfjhmkmcegoocvpytbbamy/Build/Intermediates.noindex/PantryPal.build/Debug-iphonesimulator/PantryPal.build/swift-overrides.hmap -Xcc -iquote -Xcc /Users/subasically/Library/Developer/Xcode/DerivedData/PantryPal-bkvgpckfjhmkmcegoocvpytbbamy/Build/Intermediates.noindex/PantryPal.build/Debug-iphonesimulator/PantryPal.build/PantryPal-generated-files.hmap -Xcc -I/Users/subasically/Library/Developer/Xcode/DerivedData/PantryPal-bkvgpckfjhmkmcegoocvpytbbamy/Build/Intermediates.noindex/PantryPal.build/Debug-iphonesimulator/PantryPal.build/PantryPal-own-target-headers.hmap -Xcc -I/Users/subasically/Library/Developer/Xcode/DerivedData/PantryPal-bkvgpckfjhmkmcegoocvpytbbamy/Build/Intermediates.noindex/PantryPal.build/Debug-iphonesimulator/PantryPal.build/PantryPal-all-target-headers.hmap -Xcc -iquote -Xcc /Users/subasically/Library/Developer/Xcode/DerivedData/PantryPal-bkvgpckfjhmkmcegoocvpytbbamy/Build/Intermediates.noindex/PantryPal.build/Debug-iphonesimulator/PantryPal.build/PantryPal-project-headers.hmap -Xcc -I/Users/subasically/Library/Developer/Xcode/DerivedData/PantryPal-bkvgpckfjhmkmcegoocvpytbbamy/Build/Products/Debug-iphonesimulator/include -Xcc -I/Users/subasically/Library/Developer/Xcode/DerivedData/PantryPal-bkvgpckfjhmkmcegoocvpytbbamy/Build/Intermediates.noindex/PantryPal.build/Debug-iphonesimulator/PantryPal.build/DerivedSources-normal/arm64 -Xcc -I/Users/subasically/Library/Developer/Xcode/DerivedData/PantryPal-bkvgpckfjhmkmcegoocvpytbbamy/Build/Intermediates.noindex/PantryPal.build/Debug-iphonesimulator/PantryPal.build/DerivedSources/arm64 -Xcc -I/Users/subasically/Library/Developer/Xcode/DerivedData/PantryPal-bkvgpckfjhmkmcegoocvpytbbamy/Build/Intermediates.noindex/PantryPal.build/Debug-iphonesimulator/PantryPal.build/DerivedSources -Xcc -DDEBUG\=1 -no-auto-bridging-header-chaining -module-name PantryPal -frontend-parseable-output -disable-clang-spi -target-sdk-version 26.2 -target-sdk-name iphonesimulator26.2 -clang-target arm64-apple-ios26.2-simulator -in-process-plugin-server-path /Applications/Xcode.app/Contents/Developer/Toolchains/XcodeDefault.xctoolchain/usr/lib/swift/host/libSwiftInProcPluginServer.dylib -o /Users/subasically/Library/Developer/Xcode/DerivedData/PantryPal-bkvgpckfjhmkmcegoocvpytbbamy/Build/Intermediates.noindex/PantryPal.build/Debug-iphonesimulator/PantryPal.build/Objects-normal/arm64/HouseholdSetupView.o -o /Users/subasically/Library/Developer/Xcode/DerivedData/PantryPal-bkvgpckfjhmkmcegoocvpytbbamy/Build/Intermediates.noindex/PantryPal.build/Debug-iphonesimulator/PantryPal.build/Objects-normal/arm64/PaywallView.o -o /Users/subasically/Library/Developer/Xcode/DerivedData/PantryPal-bkvgpckfjhmkmcegoocvpytbbamy/Build/Intermediates.noindex/PantryPal.build/Debug-iphonesimulator/PantryPal.build/Objects-normal/arm64/HouseholdSharingView-3a344d12a98041c25636673ed399c752.o -o /Users/subasically/Library/Developer/Xcode/DerivedData/PantryPal-bkvgpckfjhmkmcegoocvpytbbamy/Build/Intermediates.noindex/PantryPal.build/Debug-iphonesimulator/PantryPal.build/Objects-normal/arm64/InventoryListView.o -o /Users/subasically/Library/Developer/Xcode/DerivedData/PantryPal-bkvgpckfjhmkmcegoocvpytbbamy/Build/Intermediates.noindex/PantryPal.build/Debug-iphonesimulator/PantryPal.build/Objects-normal/arm64/InventoryItemRow.o -o /Users/subasically/Library/Developer/Xcode/DerivedData/PantryPal-bkvgpckfjhmkmcegoocvpytbbamy/Build/Intermediates.noindex/PantryPal.build/Debug-iphonesimulator/PantryPal.build/Objects-normal/arm64/EditItemView.o -index-unit-output-path /PantryPal.build/Debug-iphonesimulator/PantryPal.build/Objects-normal/arm64/HouseholdSetupView.o -index-unit-output-path /PantryPal.build/Debug-iphonesimulator/PantryPal.build/Objects-normal/arm64/PaywallView.o -index-unit-output-path /PantryPal.build/Debug-iphonesimulator/PantryPal.build/Objects-normal/arm64/HouseholdSharingView-3a344d12a98041c25636673ed399c752.o -index-unit-output-path /PantryPal.build/Debug-iphonesimulator/PantryPal.build/Objects-normal/arm64/InventoryListView.o -index-unit-output-path /PantryPal.build/Debug-iphonesimulator/PantryPal.build/Objects-normal/arm64/InventoryItemRow.o -index-unit-output-path /PantryPal.build/Debug-iphonesimulator/PantryPal.build/Objects-normal/arm64/EditItemView.o -index-store-path /Users/subasically/Library/Developer/Xcode/DerivedData/PantryPal-bkvgpckfjhmkmcegoocvpytbbamy/Index.noindex/DataStore -index-system-modules
SwiftCompile normal arm64 Compiling\ SyncService.swift,\ HapticService.swift,\ PhotoCaptureView.swift,\ APIService.swift,\ SyncCoordinator.swift,\ SDPendingAction.swift,\ AuthViewModel.swift /Users/subasically/Desktop/github/PantryPal/ios/PantryPal/Services/SyncService.swift /Users/subasically/Desktop/github/PantryPal/ios/PantryPal/Services/HapticService.swift /Users/subasically/Desktop/github/PantryPal/ios/PantryPal/Views/Components/PhotoCaptureView.swift /Users/subasically/Desktop/github/PantryPal/ios/PantryPal/Services/APIService.swift /Users/subasically/Desktop/github/PantryPal/ios/PantryPal/Services/SyncCoordinator.swift /Users/subasically/Desktop/github/PantryPal/ios/PantryPal/Models/SDPendingAction.swift /Users/subasically/Desktop/github/PantryPal/ios/PantryPal/ViewModels/AuthViewModel.swift (in target 'PantryPal' from project 'PantryPal')

SwiftCompile normal arm64 /Users/subasically/Desktop/github/PantryPal/ios/PantryPal/Services/SyncService.swift (in target 'PantryPal' from project 'PantryPal')
    cd /Users/subasically/Desktop/github/PantryPal/ios
    

SwiftCompile normal arm64 /Users/subasically/Desktop/github/PantryPal/ios/PantryPal/Services/HapticService.swift (in target 'PantryPal' from project 'PantryPal')
    cd /Users/subasically/Desktop/github/PantryPal/ios
    

SwiftCompile normal arm64 /Users/subasically/Desktop/github/PantryPal/ios/PantryPal/Views/Components/PhotoCaptureView.swift (in target 'PantryPal' from project 'PantryPal')
    cd /Users/subasically/Desktop/github/PantryPal/ios
    

SwiftCompile normal arm64 /Users/subasically/Desktop/github/PantryPal/ios/PantryPal/Services/APIService.swift (in target 'PantryPal' from project 'PantryPal')
    cd /Users/subasically/Desktop/github/PantryPal/ios
    

SwiftCompile normal arm64 /Users/subasically/Desktop/github/PantryPal/ios/PantryPal/Services/SyncCoordinator.swift (in target 'PantryPal' from project 'PantryPal')
    cd /Users/subasically/Desktop/github/PantryPal/ios
    

SwiftCompile normal arm64 /Users/subasically/Desktop/github/PantryPal/ios/PantryPal/Models/SDPendingAction.swift (in target 'PantryPal' from project 'PantryPal')
    cd /Users/subasically/Desktop/github/PantryPal/ios
    

SwiftCompile normal arm64 /Users/subasically/Desktop/github/PantryPal/ios/PantryPal/ViewModels/AuthViewModel.swift (in target 'PantryPal' from project 'PantryPal')
    cd /Users/subasically/Desktop/github/PantryPal/ios
    

SwiftCompile normal arm64 Compiling\ CheckoutViewModel.swift,\ LastUsedLocationStore.swift,\ PantryPalApp.swift,\ ScannerSheet.swift,\ UPCScannerSheet.swift,\ Models.swift,\ ActionQueueService.swift /Users/subasically/Desktop/github/PantryPal/ios/PantryPal/ViewModels/CheckoutViewModel.swift /Users/subasically/Desktop/github/PantryPal/ios/PantryPal/Services/LastUsedLocationStore.swift /Users/subasically/Desktop/github/PantryPal/ios/PantryPal/PantryPalApp.swift /Users/subasically/Desktop/github/PantryPal/ios/PantryPal/Views/Scanner/ScannerSheet.swift /Users/subasically/Desktop/github/PantryPal/ios/PantryPal/Views/Scanner/UPCScannerSheet.swift /Users/subasically/Desktop/github/PantryPal/ios/PantryPal/Models/Models.swift /Users/subasically/Desktop/github/PantryPal/ios/PantryPal/Services/ActionQueueService.swift (in target 'PantryPal' from project 'PantryPal')

SwiftCompile normal arm64 /Users/subasically/Desktop/github/PantryPal/ios/PantryPal/ViewModels/CheckoutViewModel.swift (in target 'PantryPal' from project 'PantryPal')
    cd /Users/subasically/Desktop/github/PantryPal/ios
    

SwiftCompile normal arm64 /Users/subasically/Desktop/github/PantryPal/ios/PantryPal/Services/LastUsedLocationStore.swift (in target 'PantryPal' from project 'PantryPal')
    cd /Users/subasically/Desktop/github/PantryPal/ios
    

SwiftCompile normal arm64 /Users/subasically/Desktop/github/PantryPal/ios/PantryPal/PantryPalApp.swift (in target 'PantryPal' from project 'PantryPal')
    cd /Users/subasically/Desktop/github/PantryPal/ios
    

SwiftCompile normal arm64 /Users/subasically/Desktop/github/PantryPal/ios/PantryPal/Views/Scanner/ScannerSheet.swift (in target 'PantryPal' from project 'PantryPal')
    cd /Users/subasically/Desktop/github/PantryPal/ios
    

SwiftCompile normal arm64 /Users/subasically/Desktop/github/PantryPal/ios/PantryPal/Views/Scanner/UPCScannerSheet.swift (in target 'PantryPal' from project 'PantryPal')
    cd /Users/subasically/Desktop/github/PantryPal/ios
    

SwiftCompile normal arm64 /Users/subasically/Desktop/github/PantryPal/ios/PantryPal/Models/Models.swift (in target 'PantryPal' from project 'PantryPal')
    cd /Users/subasically/Desktop/github/PantryPal/ios
    

SwiftCompile normal arm64 /Users/subasically/Desktop/github/PantryPal/ios/PantryPal/Services/ActionQueueService.swift (in target 'PantryPal' from project 'PantryPal')
    cd /Users/subasically/Desktop/github/PantryPal/ios
    

SwiftDriverJobDiscovery normal arm64 Emitting module for PantryPal (in target 'PantryPal' from project 'PantryPal')

SwiftDriver\ Compilation\ Requirements PantryPal normal arm64 com.apple.xcode.tools.swift.compiler (in target 'PantryPal' from project 'PantryPal')
    cd /Users/subasically/Desktop/github/PantryPal/ios
    builtin-Swift-Compilation-Requirements -- /Applications/Xcode.app/Contents/Developer/Toolchains/XcodeDefault.xctoolchain/usr/bin/swiftc -module-name PantryPal -Onone -enforce-exclusivity\=checked @/Users/subasically/Library/Developer/Xcode/DerivedData/PantryPal-bkvgpckfjhmkmcegoocvpytbbamy/Build/Intermediates.noindex/PantryPal.build/Debug-iphonesimulator/PantryPal.build/Objects-normal/arm64/PantryPal.SwiftFileList -DDEBUG -enable-experimental-feature DebugDescriptionMacro -sdk /Applications/Xcode.app/Contents/Developer/Platforms/iPhoneSimulator.platform/Developer/SDKs/iPhoneSimulator26.2.sdk -target arm64-apple-ios18.0-simulator -g -module-cache-path /Users/subasically/Library/Developer/Xcode/DerivedData/ModuleCache.noindex -Xfrontend -serialize-debugging-options -profile-coverage-mapping -profile-generate -enable-testing -index-store-path /Users/subasically/Library/Developer/Xcode/DerivedData/PantryPal-bkvgpckfjhmkmcegoocvpytbbamy/Index.noindex/DataStore -Xcc -D_LIBCPP_HARDENING_MODE\=_LIBCPP_HARDENING_MODE_DEBUG -swift-version 6 -I /Users/subasically/Library/Developer/Xcode/DerivedData/PantryPal-bkvgpckfjhmkmcegoocvpytbbamy/Build/Products/Debug-iphonesimulator -F /Users/subasically/Library/Developer/Xcode/DerivedData/PantryPal-bkvgpckfjhmkmcegoocvpytbbamy/Build/Products/Debug-iphonesimulator -emit-localized-strings -emit-localized-strings-path /Users/subasically/Library/Developer/Xcode/DerivedData/PantryPal-bkvgpckfjhmkmcegoocvpytbbamy/Build/Intermediates.noindex/PantryPal.build/Debug-iphonesimulator/PantryPal.build/Objects-normal/arm64 -c -j8 -enable-batch-mode -incremental -Xcc -ivfsstatcache -Xcc /Users/subasically/Library/Developer/Xcode/DerivedData/SDKStatCaches.noindex/iphonesimulator26.2-23C53-7d00a8b37fbd7999ea79df8ebc024bf0.sdkstatcache -output-file-map /Users/subasically/Library/Developer/Xcode/DerivedData/PantryPal-bkvgpckfjhmkmcegoocvpytbbamy/Build/Intermediates.noindex/PantryPal.build/Debug-iphonesimulator/PantryPal.build/Objects-normal/arm64/PantryPal-OutputFileMap.json -use-frontend-parseable-output -save-temps -no-color-diagnostics -explicit-module-build -module-cache-path /Users/subasically/Library/Developer/Xcode/DerivedData/PantryPal-bkvgpckfjhmkmcegoocvpytbbamy/Build/Intermediates.noindex/SwiftExplicitPrecompiledModules -clang-scanner-module-cache-path /Users/subasically/Library/Developer/Xcode/DerivedData/ModuleCache.noindex -sdk-module-cache-path /Users/subasically/Library/Developer/Xcode/DerivedData/ModuleCache.noindex -serialize-diagnostics -emit-dependencies -emit-module -emit-module-path /Users/subasically/Library/Developer/Xcode/DerivedData/PantryPal-bkvgpckfjhmkmcegoocvpytbbamy/Build/Intermediates.noindex/PantryPal.build/Debug-iphonesimulator/PantryPal.build/Objects-normal/arm64/PantryPal.swiftmodule -validate-clang-modules-once -clang-build-session-file /Users/subasically/Library/Developer/Xcode/DerivedData/ModuleCache.noindex/Session.modulevalidation -Xcc -I/Users/subasically/Library/Developer/Xcode/DerivedData/PantryPal-bkvgpckfjhmkmcegoocvpytbbamy/Build/Intermediates.noindex/PantryPal.build/Debug-iphonesimulator/PantryPal.build/swift-overrides.hmap -emit-const-values -Xfrontend -const-gather-protocols-file -Xfrontend /Users/subasically/Library/Developer/Xcode/DerivedData/PantryPal-bkvgpckfjhmkmcegoocvpytbbamy/Build/Intermediates.noindex/PantryPal.build/Debug-iphonesimulator/PantryPal.build/Objects-normal/arm64/PantryPal_const_extract_protocols.json -Xcc -iquote -Xcc /Users/subasically/Library/Developer/Xcode/DerivedData/PantryPal-bkvgpckfjhmkmcegoocvpytbbamy/Build/Intermediates.noindex/PantryPal.build/Debug-iphonesimulator/PantryPal.build/PantryPal-generated-files.hmap -Xcc -I/Users/subasically/Library/Developer/Xcode/DerivedData/PantryPal-bkvgpckfjhmkmcegoocvpytbbamy/Build/Intermediates.noindex/PantryPal.build/Debug-iphonesimulator/PantryPal.build/PantryPal-own-target-headers.hmap -Xcc -I/Users/subasically/Library/Developer/Xcode/DerivedData/PantryPal-bkvgpckfjhmkmcegoocvpytbbamy/Build/Intermediates.noindex/PantryPal.build/Debug-iphonesimulator/PantryPal.build/PantryPal-all-target-headers.hmap -Xcc -iquote -Xcc /Users/subasically/Library/Developer/Xcode/DerivedData/PantryPal-bkvgpckfjhmkmcegoocvpytbbamy/Build/Intermediates.noindex/PantryPal.build/Debug-iphonesimulator/PantryPal.build/PantryPal-project-headers.hmap -Xcc -I/Users/subasically/Library/Developer/Xcode/DerivedData/PantryPal-bkvgpckfjhmkmcegoocvpytbbamy/Build/Products/Debug-iphonesimulator/include -Xcc -I/Users/subasically/Library/Developer/Xcode/DerivedData/PantryPal-bkvgpckfjhmkmcegoocvpytbbamy/Build/Intermediates.noindex/PantryPal.build/Debug-iphonesimulator/PantryPal.build/DerivedSources-normal/arm64 -Xcc -I/Users/subasically/Library/Developer/Xcode/DerivedData/PantryPal-bkvgpckfjhmkmcegoocvpytbbamy/Build/Intermediates.noindex/PantryPal.build/Debug-iphonesimulator/PantryPal.build/DerivedSources/arm64 -Xcc -I/Users/subasically/Library/Developer/Xcode/DerivedData/PantryPal-bkvgpckfjhmkmcegoocvpytbbamy/Build/Intermediates.noindex/PantryPal.build/Debug-iphonesimulator/PantryPal.build/DerivedSources -Xcc -DDEBUG\=1 -emit-objc-header -emit-objc-header-path /Users/subasically/Library/Developer/Xcode/DerivedData/PantryPal-bkvgpckfjhmkmcegoocvpytbbamy/Build/Intermediates.noindex/PantryPal.build/Debug-iphonesimulator/PantryPal.build/Objects-normal/arm64/PantryPal-Swift.h -working-directory /Users/subasically/Desktop/github/PantryPal/ios -experimental-emit-module-separately -disable-cmo

SwiftDriverJobDiscovery normal arm64 Compiling LocationsSettingsView.swift, ConfettiCenter.swift, SyncStatusIndicator.swift, ConfettiModifier.swift, AppError.swift, AppErrorMapper.swift (in target 'PantryPal' from project 'PantryPal')

SwiftCompile normal arm64 Compiling\ InventoryViewModel.swift,\ LoginView.swift,\ BarcodeScannerView.swift,\ Colors.swift,\ SettingsView.swift,\ BiometricAuthService.swift,\ UserPreferences.swift /Users/subasically/Desktop/github/PantryPal/ios/PantryPal/ViewModels/InventoryViewModel.swift /Users/subasically/Desktop/github/PantryPal/ios/PantryPal/Views/LoginView.swift /Users/subasically/Desktop/github/PantryPal/ios/PantryPal/Views/BarcodeScannerView.swift /Users/subasically/Desktop/github/PantryPal/ios/PantryPal/Utils/Colors.swift /Users/subasically/Desktop/github/PantryPal/ios/PantryPal/Views/SettingsView.swift /Users/subasically/Desktop/github/PantryPal/ios/PantryPal/Services/BiometricAuthService.swift /Users/subasically/Desktop/github/PantryPal/ios/PantryPal/Services/UserPreferences.swift (in target 'PantryPal' from project 'PantryPal')

SwiftCompile normal arm64 /Users/subasically/Desktop/github/PantryPal/ios/PantryPal/ViewModels/InventoryViewModel.swift (in target 'PantryPal' from project 'PantryPal')
    cd /Users/subasically/Desktop/github/PantryPal/ios
    

SwiftCompile normal arm64 /Users/subasically/Desktop/github/PantryPal/ios/PantryPal/Views/LoginView.swift (in target 'PantryPal' from project 'PantryPal')
    cd /Users/subasically/Desktop/github/PantryPal/ios
    

SwiftCompile normal arm64 /Users/subasically/Desktop/github/PantryPal/ios/PantryPal/Views/BarcodeScannerView.swift (in target 'PantryPal' from project 'PantryPal')
    cd /Users/subasically/Desktop/github/PantryPal/ios
    

SwiftCompile normal arm64 /Users/subasically/Desktop/github/PantryPal/ios/PantryPal/Utils/Colors.swift (in target 'PantryPal' from project 'PantryPal')
    cd /Users/subasically/Desktop/github/PantryPal/ios
    

SwiftCompile normal arm64 /Users/subasically/Desktop/github/PantryPal/ios/PantryPal/Views/SettingsView.swift (in target 'PantryPal' from project 'PantryPal')
    cd /Users/subasically/Desktop/github/PantryPal/ios
    

SwiftCompile normal arm64 /Users/subasically/Desktop/github/PantryPal/ios/PantryPal/Services/BiometricAuthService.swift (in target 'PantryPal' from project 'PantryPal')
    cd /Users/subasically/Desktop/github/PantryPal/ios
    

SwiftCompile normal arm64 /Users/subasically/Desktop/github/PantryPal/ios/PantryPal/Services/UserPreferences.swift (in target 'PantryPal' from project 'PantryPal')
    cd /Users/subasically/Desktop/github/PantryPal/ios
    

SwiftDriverJobDiscovery normal arm64 Compiling AppLogger.swift, SplashView.swift, AppTextField.swift, ToastCenter.swift, ToastHostView.swift, GeneratedAssetSymbols.swift (in target 'PantryPal' from project 'PantryPal')

SwiftMergeGeneratedHeaders /Users/subasically/Library/Developer/Xcode/DerivedData/PantryPal-bkvgpckfjhmkmcegoocvpytbbamy/Build/Intermediates.noindex/PantryPal.build/Debug-iphonesimulator/PantryPal.build/DerivedSources/PantryPal-Swift.h /Users/subasically/Library/Developer/Xcode/DerivedData/PantryPal-bkvgpckfjhmkmcegoocvpytbbamy/Build/Intermediates.noindex/PantryPal.build/Debug-iphonesimulator/PantryPal.build/Objects-normal/arm64/PantryPal-Swift.h (in target 'PantryPal' from project 'PantryPal')
    cd /Users/subasically/Desktop/github/PantryPal/ios
    builtin-swiftHeaderTool -arch arm64 /Users/subasically/Library/Developer/Xcode/DerivedData/PantryPal-bkvgpckfjhmkmcegoocvpytbbamy/Build/Intermediates.noindex/PantryPal.build/Debug-iphonesimulator/PantryPal.build/Objects-normal/arm64/PantryPal-Swift.h -o /Users/subasically/Library/Developer/Xcode/DerivedData/PantryPal-bkvgpckfjhmkmcegoocvpytbbamy/Build/Intermediates.noindex/PantryPal.build/Debug-iphonesimulator/PantryPal.build/DerivedSources/PantryPal-Swift.h

Copy /Users/subasically/Library/Developer/Xcode/DerivedData/PantryPal-bkvgpckfjhmkmcegoocvpytbbamy/Build/Products/Debug-iphonesimulator/PantryPal.swiftmodule/arm64-apple-ios-simulator.swiftmodule /Users/subasically/Library/Developer/Xcode/DerivedData/PantryPal-bkvgpckfjhmkmcegoocvpytbbamy/Build/Intermediates.noindex/PantryPal.build/Debug-iphonesimulator/PantryPal.build/Objects-normal/arm64/PantryPal.swiftmodule (in target 'PantryPal' from project 'PantryPal')
    cd /Users/subasically/Desktop/github/PantryPal/ios
    builtin-copy -exclude .DS_Store -exclude CVS -exclude .svn -exclude .git -exclude .hg -resolve-src-symlinks -rename /Users/subasically/Library/Developer/Xcode/DerivedData/PantryPal-bkvgpckfjhmkmcegoocvpytbbamy/Build/Intermediates.noindex/PantryPal.build/Debug-iphonesimulator/PantryPal.build/Objects-normal/arm64/PantryPal.swiftmodule /Users/subasically/Library/Developer/Xcode/DerivedData/PantryPal-bkvgpckfjhmkmcegoocvpytbbamy/Build/Products/Debug-iphonesimulator/PantryPal.swiftmodule/arm64-apple-ios-simulator.swiftmodule

Copy /Users/subasically/Library/Developer/Xcode/DerivedData/PantryPal-bkvgpckfjhmkmcegoocvpytbbamy/Build/Products/Debug-iphonesimulator/PantryPal.swiftmodule/arm64-apple-ios-simulator.swiftdoc /Users/subasically/Library/Developer/Xcode/DerivedData/PantryPal-bkvgpckfjhmkmcegoocvpytbbamy/Build/Intermediates.noindex/PantryPal.build/Debug-iphonesimulator/PantryPal.build/Objects-normal/arm64/PantryPal.swiftdoc (in target 'PantryPal' from project 'PantryPal')
    cd /Users/subasically/Desktop/github/PantryPal/ios
    builtin-copy -exclude .DS_Store -exclude CVS -exclude .svn -exclude .git -exclude .hg -resolve-src-symlinks -rename /Users/subasically/Library/Developer/Xcode/DerivedData/PantryPal-bkvgpckfjhmkmcegoocvpytbbamy/Build/Intermediates.noindex/PantryPal.build/Debug-iphonesimulator/PantryPal.build/Objects-normal/arm64/PantryPal.swiftdoc /Users/subasically/Library/Developer/Xcode/DerivedData/PantryPal-bkvgpckfjhmkmcegoocvpytbbamy/Build/Products/Debug-iphonesimulator/PantryPal.swiftmodule/arm64-apple-ios-simulator.swiftdoc

Copy /Users/subasically/Library/Developer/Xcode/DerivedData/PantryPal-bkvgpckfjhmkmcegoocvpytbbamy/Build/Products/Debug-iphonesimulator/PantryPal.swiftmodule/arm64-apple-ios-simulator.abi.json /Users/subasically/Library/Developer/Xcode/DerivedData/PantryPal-bkvgpckfjhmkmcegoocvpytbbamy/Build/Intermediates.noindex/PantryPal.build/Debug-iphonesimulator/PantryPal.build/Objects-normal/arm64/PantryPal.abi.json (in target 'PantryPal' from project 'PantryPal')
    cd /Users/subasically/Desktop/github/PantryPal/ios
    builtin-copy -exclude .DS_Store -exclude CVS -exclude .svn -exclude .git -exclude .hg -resolve-src-symlinks -rename /Users/subasically/Library/Developer/Xcode/DerivedData/PantryPal-bkvgpckfjhmkmcegoocvpytbbamy/Build/Intermediates.noindex/PantryPal.build/Debug-iphonesimulator/PantryPal.build/Objects-normal/arm64/PantryPal.abi.json /Users/subasically/Library/Developer/Xcode/DerivedData/PantryPal-bkvgpckfjhmkmcegoocvpytbbamy/Build/Products/Debug-iphonesimulator/PantryPal.swiftmodule/arm64-apple-ios-simulator.abi.json

Copy /Users/subasically/Library/Developer/Xcode/DerivedData/PantryPal-bkvgpckfjhmkmcegoocvpytbbamy/Build/Products/Debug-iphonesimulator/PantryPal.swiftmodule/Project/arm64-apple-ios-simulator.swiftsourceinfo /Users/subasically/Library/Developer/Xcode/DerivedData/PantryPal-bkvgpckfjhmkmcegoocvpytbbamy/Build/Intermediates.noindex/PantryPal.build/Debug-iphonesimulator/PantryPal.build/Objects-normal/arm64/PantryPal.swiftsourceinfo (in target 'PantryPal' from project 'PantryPal')
    cd /Users/subasically/Desktop/github/PantryPal/ios
    builtin-copy -exclude .DS_Store -exclude CVS -exclude .svn -exclude .git -exclude .hg -resolve-src-symlinks -rename /Users/subasically/Library/Developer/Xcode/DerivedData/PantryPal-bkvgpckfjhmkmcegoocvpytbbamy/Build/Intermediates.noindex/PantryPal.build/Debug-iphonesimulator/PantryPal.build/Objects-normal/arm64/PantryPal.swiftsourceinfo /Users/subasically/Library/Developer/Xcode/DerivedData/PantryPal-bkvgpckfjhmkmcegoocvpytbbamy/Build/Products/Debug-iphonesimulator/PantryPal.swiftmodule/Project/arm64-apple-ios-simulator.swiftsourceinfo

SwiftDriverJobDiscovery normal arm64 Compiling AddCustomItemView.swift, ConfettiOverlay.swift, ToastView.swift, CheckoutView.swift, GroceryListView.swift, GroceryViewModel.swift (in target 'PantryPal' from project 'PantryPal')

SwiftDriverJobDiscovery normal arm64 Compiling SyncService.swift, HapticService.swift, PhotoCaptureView.swift, APIService.swift, SyncCoordinator.swift, SDPendingAction.swift, AuthViewModel.swift (in target 'PantryPal' from project 'PantryPal')

SwiftDriverJobDiscovery normal arm64 Compiling SmartScannerView.swift, NotificationService.swift, UITestingMode.swift, AccessibilityIdentifiers.swift, SwiftDataModels.swift, QRScannerView.swift, OCRService.swift (in target 'PantryPal' from project 'PantryPal')

SwiftDriverJobDiscovery normal arm64 Compiling CheckoutViewModel.swift, LastUsedLocationStore.swift, PantryPalApp.swift, ScannerSheet.swift, UPCScannerSheet.swift, Models.swift, ActionQueueService.swift (in target 'PantryPal' from project 'PantryPal')

LinkAssetCatalog /Users/subasically/Desktop/github/PantryPal/ios/PantryPal/Assets.xcassets (in target 'PantryPal' from project 'PantryPal')
    cd /Users/subasically/Desktop/github/PantryPal/ios
    builtin-linkAssetCatalog --thinned /Users/subasically/Library/Developer/Xcode/DerivedData/PantryPal-bkvgpckfjhmkmcegoocvpytbbamy/Build/Intermediates.noindex/PantryPal.build/Debug-iphonesimulator/PantryPal.build/assetcatalog_output/thinned --thinned-dependencies /Users/subasically/Library/Developer/Xcode/DerivedData/PantryPal-bkvgpckfjhmkmcegoocvpytbbamy/Build/Intermediates.noindex/PantryPal.build/Debug-iphonesimulator/PantryPal.build/assetcatalog_dependencies_thinned --thinned-info-plist-content /Users/subasically/Library/Developer/Xcode/DerivedData/PantryPal-bkvgpckfjhmkmcegoocvpytbbamy/Build/Intermediates.noindex/PantryPal.build/Debug-iphonesimulator/PantryPal.build/assetcatalog_generated_info.plist_thinned --unthinned /Users/subasically/Library/Developer/Xcode/DerivedData/PantryPal-bkvgpckfjhmkmcegoocvpytbbamy/Build/Intermediates.noindex/PantryPal.build/Debug-iphonesimulator/PantryPal.build/assetcatalog_output/unthinned --unthinned-dependencies /Users/subasically/Library/Developer/Xcode/DerivedData/PantryPal-bkvgpckfjhmkmcegoocvpytbbamy/Build/Intermediates.noindex/PantryPal.build/Debug-iphonesimulator/PantryPal.build/assetcatalog_dependencies_unthinned --unthinned-info-plist-content /Users/subasically/Library/Developer/Xcode/DerivedData/PantryPal-bkvgpckfjhmkmcegoocvpytbbamy/Build/Intermediates.noindex/PantryPal.build/Debug-iphonesimulator/PantryPal.build/assetcatalog_generated_info.plist_unthinned --output /Users/subasically/Library/Developer/Xcode/DerivedData/PantryPal-bkvgpckfjhmkmcegoocvpytbbamy/Build/Products/Debug-iphonesimulator/PantryPal.app --plist-output /Users/subasically/Library/Developer/Xcode/DerivedData/PantryPal-bkvgpckfjhmkmcegoocvpytbbamy/Build/Intermediates.noindex/PantryPal.build/Debug-iphonesimulator/PantryPal.build/assetcatalog_generated_info.plist
note: Emplaced /Users/subasically/Library/Developer/Xcode/DerivedData/PantryPal-bkvgpckfjhmkmcegoocvpytbbamy/Build/Products/Debug-iphonesimulator/PantryPal.app/AppIcon76x76@2x~ipad.png (in target 'PantryPal' from project 'PantryPal')
note: Emplaced /Users/subasically/Library/Developer/Xcode/DerivedData/PantryPal-bkvgpckfjhmkmcegoocvpytbbamy/Build/Products/Debug-iphonesimulator/PantryPal.app/AppIcon60x60@2x.png (in target 'PantryPal' from project 'PantryPal')
note: Emplaced /Users/subasically/Library/Developer/Xcode/DerivedData/PantryPal-bkvgpckfjhmkmcegoocvpytbbamy/Build/Products/Debug-iphonesimulator/PantryPal.app/Assets.car (in target 'PantryPal' from project 'PantryPal')

ProcessInfoPlistFile /Users/subasically/Library/Developer/Xcode/DerivedData/PantryPal-bkvgpckfjhmkmcegoocvpytbbamy/Build/Products/Debug-iphonesimulator/PantryPal.app/Info.plist /Users/subasically/Desktop/github/PantryPal/ios/PantryPal/Info.plist (in target 'PantryPal' from project 'PantryPal')
    cd /Users/subasically/Desktop/github/PantryPal/ios
    builtin-infoPlistUtility /Users/subasically/Desktop/github/PantryPal/ios/PantryPal/Info.plist -producttype com.apple.product-type.application -genpkginfo /Users/subasically/Library/Developer/Xcode/DerivedData/PantryPal-bkvgpckfjhmkmcegoocvpytbbamy/Build/Products/Debug-iphonesimulator/PantryPal.app/PkgInfo -expandbuildsettings -format binary -platform iphonesimulator -additionalcontentfile /Users/subasically/Library/Developer/Xcode/DerivedData/PantryPal-bkvgpckfjhmkmcegoocvpytbbamy/Build/Intermediates.noindex/PantryPal.build/Debug-iphonesimulator/PantryPal.build/assetcatalog_generated_info.plist -o /Users/subasically/Library/Developer/Xcode/DerivedData/PantryPal-bkvgpckfjhmkmcegoocvpytbbamy/Build/Products/Debug-iphonesimulator/PantryPal.app/Info.plist

SwiftDriverJobDiscovery normal arm64 Compiling InventoryViewModel.swift, LoginView.swift, BarcodeScannerView.swift, Colors.swift, SettingsView.swift, BiometricAuthService.swift, UserPreferences.swift (in target 'PantryPal' from project 'PantryPal')

warning: Skipping duplicate build file in Compile Sources build phase: /Users/subasically/Desktop/github/PantryPal/ios/PantryPal/Views/HouseholdSharingView.swift (in target 'PantryPal' from project 'PantryPal')
** BUILD FAILED **


The following build commands failed:
	SwiftCompile normal arm64 /Users/subasically/Desktop/github/PantryPal/ios/PantryPal/Views/Inventory/InventoryListView.swift (in target 'PantryPal' from project 'PantryPal')
	SwiftCompile normal arm64 Compiling\ HouseholdSetupView.swift,\ PaywallView.swift,\ HouseholdSharingView.swift,\ InventoryListView.swift,\ InventoryItemRow.swift,\ EditItemView.swift /Users/subasically/Desktop/github/PantryPal/ios/PantryPal/Views/HouseholdSetupView.swift /Users/subasically/Desktop/github/PantryPal/ios/PantryPal/Views/PaywallView.swift /Users/subasically/Desktop/github/PantryPal/ios/PantryPal/Views/HouseholdSharingView.swift /Users/subasically/Desktop/github/PantryPal/ios/PantryPal/Views/Inventory/InventoryListView.swift /Users/subasically/Desktop/github/PantryPal/ios/PantryPal/Views/Inventory/InventoryItemRow.swift /Users/subasically/Desktop/github/PantryPal/ios/PantryPal/Views/ItemManagement/EditItemView.swift (in target 'PantryPal' from project 'PantryPal')
	Building project PantryPal with scheme PantryPal
(3 failures)
